[2026-01-17 21:22:08] 🧠 Treinamento iniciado
[2026-01-17 21:22:09] Concurso 1 | Pontos: 12 | Tamanho: 19
[2026-01-17 21:22:09] Concurso 1 | Pontos: 11 | Tamanho: 17
[2026-01-17 21:22:09] Concurso 1 | Pontos: 11 | Tamanho: 18
[2026-01-17 21:22:09] Concurso 1 | Pontos: 12 | Tamanho: 20
[2026-01-17 21:22:10] Concurso 1 | Pontos: 11 | Tamanho: 17
[2026-01-17 21:22:10] Concurso 1 | Pontos: 12 | Tamanho: 18
[2026-01-17 21:22:10] Concurso 1 | Pontos: 9 | Tamanho: 18
[2026-01-17 21:22:11] Concurso 1 | Pontos: 11 | Tamanho: 18
[2026-01-17 21:22:11] Concurso 1 | Pontos: 11 | Tamanho: 19
[2026-01-17 21:22:11] Concurso 1 | Pontos: 11 | Tamanho: 16
[2026-01-17 21:22:12] 📤 Git push realizado no concurso 1
[2026-01-17 21:22:12] Concurso 2 | Pontos: 13 | Tamanho: 19
[2026-01-17 21:22:12] Concurso 2 | Pontos: 12 | Tamanho: 17
[2026-01-17 21:22:13] Concurso 2 | Pontos: 11 | Tamanho: 17
[2026-01-17 21:22:13] Concurso 2 | Pontos: 12 | Tamanho: 17
[2026-01-17 21:22:13] Concurso 2 | Pontos: 11 | Tamanho: 17
[2026-01-17 21:22:13] Concurso 2 | Pontos: 13 | Tamanho: 20
[2026-01-17 21:22:14] Concurso 2 | Pontos: 13 | Tamanho: 20
[2026-01-17 21:22:14] Concurso 2 | Pontos: 12 | Tamanho: 19
[2026-01-17 21:22:14] Concurso 2 | Pontos: 12 | Tamanho: 17
[2026-01-17 21:22:15] Concurso 2 | Pontos: 13 | Tamanho: 19
[2026-01-17 21:22:15] 📤 Git push realizado no concurso 2
[2026-01-17 21:22:15] Concurso 3 | Pontos: 9 | Tamanho: 16
[2026-01-17 21:22:16] Concurso 3 | Pontos: 12 | Tamanho: 19
[2026-01-17 21:22:16] Concurso 3 | Pontos: 11 | Tamanho: 17
[2026-01-17 21:22:16] Concurso 3 | Pontos: 12 | Tamanho: 18
[2026-01-17 21:22:17] 🔥 FOCO 14/15 | Concurso 3 | Pontos: 14
[2026-01-17 21:22:17] Concurso 3 | Pontos: 14 | Tamanho: 19
[2026-01-17 21:22:17] Concurso 3 | Pontos: 9 | Tamanho: 16
[2026-01-17 21:22:17] Concurso 3 | Pontos: 11 | Tamanho: 18
[2026-01-17 21:22:17] Concurso 3 | Pontos: 9 | Tamanho: 18
[2026-01-17 21:22:18] Concurso 3 | Pontos: 11 | Tamanho: 17
[2026-01-17 21:22:18] Concurso 3 | Pontos: 11 | Tamanho: 16
[2026-01-17 21:22:19] 📤 Git push realizado no concurso 3
[2026-01-17 21:22:19] Concurso 4 | Pontos: 11 | Tamanho: 20
[2026-01-17 21:22:19] Concurso 4 | Pontos: 12 | Tamanho: 18
[2026-01-17 21:22:19] Concurso 4 | Pontos: 11 | Tamanho: 18
[2026-01-17 21:22:20] Concurso 4 | Pontos: 9 | Tamanho: 17
[2026-01-17 21:22:20] Concurso 4 | Pontos: 13 | Tamanho: 19
[2026-01-17 21:22:20] Concurso 4 | Pontos: 11 | Tamanho: 19
[2026-01-17 21:22:21] Concurso 4 | Pontos: 11 | Tamanho: 18
[2026-01-17 21:22:21] Concurso 4 | Pontos: 10 | Tamanho: 17
[2026-01-17 21:22:21] Concurso 4 | Pontos: 10 | Tamanho: 16
[2026-01-17 21:22:21] Concurso 4 | Pontos: 13 | Tamanho: 20
[2026-01-17 21:22:22] 📤 Git push realizado no concurso 4
[2026-01-17 21:22:22] Concurso 5 | Pontos: 10 | Tamanho: 18
[2026-01-17 21:22:23] Concurso 5 | Pontos: 11 | Tamanho: 17
[2026-01-17 21:22:23] Concurso 5 | Pontos: 11 | Tamanho: 18
[2026-01-17 21:22:23] Concurso 5 | Pontos: 10 | Tamanho: 17
[2026-01-17 21:22:23] Concurso 5 | Pontos: 10 | Tamanho: 17
[2026-01-17 21:22:24] Concurso 5 | Pontos: 10 | Tamanho: 18
[2026-01-17 21:22:24] Concurso 5 | Pontos: 11 | Tamanho: 19
[2026-01-17 21:22:24] Concurso 5 | Pontos: 12 | Tamanho: 20
[2026-01-17 21:22:25] Concurso 5 | Pontos: 10 | Tamanho: 16
[2026-01-17 21:22:25] Concurso 5 | Pontos: 10 | Tamanho: 19
[2026-01-17 21:22:25] 📤 Git push realizado no concurso 5
[2026-01-17 21:22:26] Concurso 6 | Pontos: 8 | Tamanho: 17
[2026-01-17 21:22:26] Concurso 6 | Pontos: 9 | Tamanho: 16
[2026-01-17 21:22:26] Concurso 6 | Pontos: 11 | Tamanho: 20
[2026-01-17 21:22:26] Concurso 6 | Pontos: 10 | Tamanho: 19
[2026-01-17 21:22:27] Concurso 6 | Pontos: 11 | Tamanho: 20
[2026-01-17 21:22:27] Concurso 6 | Pontos: 12 | Tamanho: 20
[2026-01-17 21:22:27] Concurso 6 | Pontos: 10 | Tamanho: 20
[2026-01-17 21:22:28] Concurso 6 | Pontos: 10 | Tamanho: 18
[2026-01-17 21:22:28] Concurso 6 | Pontos: 9 | Tamanho: 18
[2026-01-17 21:22:28] Concurso 6 | Pontos: 12 | Tamanho: 19
[2026-01-17 21:22:29] 📤 Git push realizado no concurso 6
[2026-01-17 21:22:29] Concurso 7 | Pontos: 12 | Tamanho: 19
[2026-01-17 21:22:29] Concurso 7 | Pontos: 9 | Tamanho: 16
[2026-01-17 21:22:30] Concurso 7 | Pontos: 9 | Tamanho: 16
[2026-01-17 21:22:30] Concurso 7 | Pontos: 10 | Tamanho: 17
[2026-01-17 21:22:30] Concurso 7 | Pontos: 11 | Tamanho: 17
[2026-01-17 21:22:30] Concurso 7 | Pontos: 10 | Tamanho: 16
[2026-01-17 21:22:31] Concurso 7 | Pontos: 11 | Tamanho: 19
[2026-01-17 21:22:31] Concurso 7 | Pontos: 11 | Tamanho: 20
[2026-01-17 21:22:31] Concurso 7 | Pontos: 9 | Tamanho: 16
[2026-01-17 21:22:31] Concurso 7 | Pontos: 12 | Tamanho: 20
[2026-01-17 21:22:32] 📤 Git push realizado no concurso 7
[2026-01-17 21:22:32] Concurso 8 | Pontos: 11 | Tamanho: 17
[2026-01-17 21:22:33] Concurso 8 | Pontos: 12 | Tamanho: 20
[2026-01-17 21:22:33] Concurso 8 | Pontos: 12 | Tamanho: 18
[2026-01-17 21:22:33] Concurso 8 | Pontos: 13 | Tamanho: 20
[2026-01-17 21:22:33] Concurso 8 | Pontos: 11 | Tamanho: 18
[2026-01-17 21:22:34] Concurso 8 | Pontos: 11 | Tamanho: 19
[2026-01-17 21:22:34] Concurso 8 | Pontos: 11 | Tamanho: 17
[2026-01-17 21:22:34] Concurso 8 | Pontos: 13 | Tamanho: 20
[2026-01-17 21:22:35] Concurso 8 | Pontos: 10 | Tamanho: 16
[2026-01-17 21:22:35] Concurso 8 | Pontos: 11 | Tamanho: 16
[2026-01-17 21:22:35] 📤 Git push realizado no concurso 8
[2026-01-17 21:22:36] Concurso 9 | Pontos: 11 | Tamanho: 19
[2026-01-17 21:22:36] Concurso 9 | Pontos: 12 | Tamanho: 19
[2026-01-17 21:22:36] Concurso 9 | Pontos: 13 | Tamanho: 20
[2026-01-17 21:22:37] Concurso 9 | Pontos: 10 | Tamanho: 16
[2026-01-17 21:22:37] Concurso 9 | Pontos: 11 | Tamanho: 19
[2026-01-17 21:22:37] Concurso 9 | Pontos: 13 | Tamanho: 18
[2026-01-17 21:22:37] Concurso 9 | Pontos: 12 | Tamanho: 18
[2026-01-17 21:22:38] Concurso 9 | Pontos: 12 | Tamanho: 20
[2026-01-17 21:22:38] Concurso 9 | Pontos: 11 | Tamanho: 17
[2026-01-17 21:22:38] 🔥 FOCO 14/15 | Concurso 9 | Pontos: 14
[2026-01-17 21:22:38] Concurso 9 | Pontos: 14 | Tamanho: 20
[2026-01-17 21:22:39] 📤 Git push realizado no concurso 9
[2026-01-17 21:22:39] Concurso 10 | Pontos: 11 | Tamanho: 19
[2026-01-17 21:22:39] 🔥 FOCO 14/15 | Concurso 10 | Pontos: 14
[2026-01-17 21:22:39] Concurso 10 | Pontos: 14 | Tamanho: 20
[2026-01-17 21:22:40] Concurso 10 | Pontos: 11 | Tamanho: 19
[2026-01-17 21:22:40] Concurso 10 | Pontos: 13 | Tamanho: 20
[2026-01-17 21:22:40] Concurso 10 | Pontos: 11 | Tamanho: 17
[2026-01-17 21:22:40] Concurso 10 | Pontos: 11 | Tamanho: 19
[2026-01-17 21:22:41] Concurso 10 | Pontos: 9 | Tamanho: 17
[2026-01-17 21:22:41] Concurso 10 | Pontos: 11 | Tamanho: 20
[2026-01-17 21:22:41] Concurso 10 | Pontos: 11 | Tamanho: 20
[2026-01-17 21:22:42] Concurso 10 | Pontos: 11 | Tamanho: 19
[2026-01-17 21:22:42] 📤 Git push realizado no concurso 10
[2026-01-17 21:22:42] Concurso 11 | Pontos: 11 | Tamanho: 18
[2026-01-17 21:22:43] Concurso 11 | Pontos: 12 | Tamanho: 20
[2026-01-17 21:22:43] Concurso 11 | Pontos: 11 | Tamanho: 18
[2026-01-17 21:22:43] Concurso 11 | Pontos: 10 | Tamanho: 17
[2026-01-17 21:22:44] Concurso 11 | Pontos: 11 | Tamanho: 16
[2026-01-17 21:22:44] Concurso 11 | Pontos: 13 | Tamanho: 20
[2026-01-17 21:22:44] Concurso 11 | Pontos: 10 | Tamanho: 18
[2026-01-17 21:22:44] Concurso 11 | Pontos: 13 | Tamanho: 19
[2026-01-17 21:22:45] Concurso 11 | Pontos: 11 | Tamanho: 18
[2026-01-17 21:22:45] Concurso 11 | Pontos: 12 | Tamanho: 17
[2026-01-17 21:22:46] 📤 Git push realizado no concurso 11
[2026-01-17 21:22:46] Concurso 12 | Pontos: 10 | Tamanho: 17
[2026-01-17 21:22:46] Concurso 12 | Pontos: 10 | Tamanho: 18
[2026-01-17 21:22:46] Concurso 12 | Pontos: 11 | Tamanho: 19
[2026-01-17 21:22:47] Concurso 12 | Pontos: 12 | Tamanho: 19
[2026-01-17 21:22:47] Concurso 12 | Pontos: 9 | Tamanho: 16
[2026-01-17 21:22:47] Concurso 12 | Pontos: 11 | Tamanho: 18
[2026-01-17 21:22:47] Concurso 12 | Pontos: 10 | Tamanho: 17
[2026-01-17 21:22:48] Concurso 12 | Pontos: 11 | Tamanho: 17
[2026-01-17 21:22:48] Concurso 12 | Pontos: 11 | Tamanho: 18
[2026-01-17 21:22:48] Concurso 12 | Pontos: 11 | Tamanho: 18
[2026-01-17 21:22:49] 📤 Git push realizado no concurso 12
[2026-01-17 21:22:49] Concurso 13 | Pontos: 11 | Tamanho: 18
[2026-01-17 21:22:49] Concurso 13 | Pontos: 12 | Tamanho: 19
[2026-01-17 21:22:50] Concurso 13 | Pontos: 10 | Tamanho: 17
[2026-01-17 21:22:50] Concurso 13 | Pontos: 10 | Tamanho: 16
[2026-01-17 21:22:50] Concurso 13 | Pontos: 10 | Tamanho: 16
[2026-01-17 21:22:51] Concurso 13 | Pontos: 12 | Tamanho: 19
[2026-01-17 21:22:51] Concurso 13 | Pontos: 11 | Tamanho: 19
[2026-01-17 21:22:51] Concurso 13 | Pontos: 11 | Tamanho: 16
[2026-01-17 21:22:51] Concurso 13 | Pontos: 12 | Tamanho: 20
[2026-01-17 21:22:52] Concurso 13 | Pontos: 10 | Tamanho: 16
[2026-01-17 21:22:52] 📤 Git push realizado no concurso 13
[2026-01-17 21:22:53] Concurso 14 | Pontos: 10 | Tamanho: 18
[2026-01-17 21:22:53] Concurso 14 | Pontos: 12 | Tamanho: 19
[2026-01-17 21:22:53] Concurso 14 | Pontos: 9 | Tamanho: 16
[2026-01-17 21:22:53] Concurso 14 | Pontos: 9 | Tamanho: 16
[2026-01-17 21:22:54] Concurso 14 | Pontos: 11 | Tamanho: 19
[2026-01-17 21:22:54] Concurso 14 | Pontos: 9 | Tamanho: 17
[2026-01-17 21:22:54] Concurso 14 | Pontos: 11 | Tamanho: 18
[2026-01-17 21:22:54] Concurso 14 | Pontos: 10 | Tamanho: 18
[2026-01-17 21:22:55] Concurso 14 | Pontos: 11 | Tamanho: 19
[2026-01-17 21:22:55] Concurso 14 | Pontos: 10 | Tamanho: 19
[2026-01-17 21:22:56] 📤 Git push realizado no concurso 14
[2026-01-17 21:22:56] Concurso 15 | Pontos: 12 | Tamanho: 20
[2026-01-17 21:22:56] Concurso 15 | Pontos: 10 | Tamanho: 16
[2026-01-17 21:22:56] Concurso 15 | Pontos: 11 | Tamanho: 18
[2026-01-17 21:22:57] Concurso 15 | Pontos: 12 | Tamanho: 19
[2026-01-17 21:22:57] Concurso 15 | Pontos: 12 | Tamanho: 18
[2026-01-17 21:22:57] Concurso 15 | Pontos: 11 | Tamanho: 17
[2026-01-17 21:22:58] Concurso 15 | Pontos: 11 | Tamanho: 17
[2026-01-17 21:22:58] Concurso 15 | Pontos: 12 | Tamanho: 19
[2026-01-17 21:22:58] Concurso 15 | Pontos: 11 | Tamanho: 16
[2026-01-17 21:22:58] Concurso 15 | Pontos: 11 | Tamanho: 16
[2026-01-17 21:22:59] 📤 Git push realizado no concurso 15
[2026-01-17 21:22:59] Concurso 16 | Pontos: 9 | Tamanho: 17
[2026-01-17 21:22:59] Concurso 16 | Pontos: 11 | Tamanho: 17
[2026-01-17 21:23:00] Concurso 16 | Pontos: 10 | Tamanho: 18
[2026-01-17 21:23:00] Concurso 16 | Pontos: 11 | Tamanho: 17
[2026-01-17 21:23:00] Concurso 16 | Pontos: 11 | Tamanho: 19
[2026-01-17 21:23:01] Concurso 16 | Pontos: 13 | Tamanho: 20
[2026-01-17 21:23:01] Concurso 16 | Pontos: 13 | Tamanho: 20
[2026-01-17 21:23:01] Concurso 16 | Pontos: 12 | Tamanho: 20
[2026-01-17 21:23:01] Concurso 16 | Pontos: 10 | Tamanho: 17
[2026-01-17 21:23:02] Concurso 16 | Pontos: 11 | Tamanho: 18
[2026-01-17 21:23:02] 📤 Git push realizado no concurso 16
[2026-01-17 21:23:03] Concurso 17 | Pontos: 12 | Tamanho: 20
[2026-01-17 21:23:03] Concurso 17 | Pontos: 10 | Tamanho: 17
[2026-01-17 21:23:03] Concurso 17 | Pontos: 10 | Tamanho: 18
[2026-01-17 21:23:03] Concurso 17 | Pontos: 12 | Tamanho: 19
[2026-01-17 21:23:04] Concurso 17 | Pontos: 10 | Tamanho: 19
[2026-01-17 21:23:04] Concurso 17 | Pontos: 9 | Tamanho: 18
[2026-01-17 21:23:04] Concurso 17 | Pontos: 10 | Tamanho: 18
[2026-01-17 21:23:04] Concurso 17 | Pontos: 10 | Tamanho: 17
[2026-01-17 21:23:05] Concurso 17 | Pontos: 9 | Tamanho: 16
[2026-01-17 21:23:05] Concurso 17 | Pontos: 9 | Tamanho: 17
[2026-01-17 21:23:06] 📤 Git push realizado no concurso 17
[2026-01-17 21:23:06] Concurso 18 | Pontos: 10 | Tamanho: 19
[2026-01-17 21:23:06] Concurso 18 | Pontos: 12 | Tamanho: 16
[2026-01-17 21:23:06] Concurso 18 | Pontos: 11 | Tamanho: 19
[2026-01-17 21:23:07] Concurso 18 | Pontos: 13 | Tamanho: 20
[2026-01-17 21:23:07] Concurso 18 | Pontos: 12 | Tamanho: 19
[2026-01-17 21:23:07] Concurso 18 | Pontos: 13 | Tamanho: 19
[2026-01-17 21:23:08] Concurso 18 | Pontos: 12 | Tamanho: 19
[2026-01-17 21:23:08] Concurso 18 | Pontos: 11 | Tamanho: 16
[2026-01-17 21:23:08] Concurso 18 | Pontos: 11 | Tamanho: 16
[2026-01-17 21:23:08] Concurso 18 | Pontos: 11 | Tamanho: 16
[2026-01-17 21:23:09] 📤 Git push realizado no concurso 18
[2026-01-17 21:23:09] Concurso 19 | Pontos: 10 | Tamanho: 19
[2026-01-17 21:23:10] Concurso 19 | Pontos: 10 | Tamanho: 20
[2026-01-17 21:23:10] Concurso 19 | Pontos: 12 | Tamanho: 20
[2026-01-17 21:23:10] Concurso 19 | Pontos: 10 | Tamanho: 17
[2026-01-17 21:23:10] Concurso 19 | Pontos: 10 | Tamanho: 19
[2026-01-17 21:23:11] Concurso 19 | Pontos: 13 | Tamanho: 20
[2026-01-17 21:23:11] Concurso 19 | Pontos: 9 | Tamanho: 16
[2026-01-17 21:23:11] Concurso 19 | Pontos: 8 | Tamanho: 16
[2026-01-17 21:23:11] Concurso 19 | Pontos: 10 | Tamanho: 17
[2026-01-17 21:23:12] Concurso 19 | Pontos: 8 | Tamanho: 17
[2026-01-17 21:23:12] 📤 Git push realizado no concurso 19
[2026-01-17 21:23:13] Concurso 20 | Pontos: 11 | Tamanho: 19
[2026-01-17 21:23:13] Concurso 20 | Pontos: 11 | Tamanho: 20
[2026-01-17 21:23:13] Concurso 20 | Pontos: 10 | Tamanho: 17
[2026-01-17 21:23:13] Concurso 20 | Pontos: 11 | Tamanho: 20
[2026-01-17 21:23:14] Concurso 20 | Pontos: 10 | Tamanho: 19
[2026-01-17 21:23:14] Concurso 20 | Pontos: 11 | Tamanho: 19
[2026-01-17 21:23:14] Concurso 20 | Pontos: 10 | Tamanho: 17
[2026-01-17 21:23:14] Concurso 20 | Pontos: 12 | Tamanho: 20
[2026-01-17 21:23:15] Concurso 20 | Pontos: 12 | Tamanho: 20
[2026-01-17 21:23:15] Concurso 20 | Pontos: 9 | Tamanho: 17
[2026-01-17 21:23:16] 📤 Git push realizado no concurso 20
[2026-01-17 21:23:16] Concurso 21 | Pontos: 11 | Tamanho: 17
[2026-01-17 21:23:16] Concurso 21 | Pontos: 11 | Tamanho: 17
[2026-01-17 21:23:16] Concurso 21 | Pontos: 11 | Tamanho: 19
[2026-01-17 21:23:17] Concurso 21 | Pontos: 12 | Tamanho: 18
[2026-01-17 21:23:17] Concurso 21 | Pontos: 12 | Tamanho: 20
[2026-01-17 21:23:17] Concurso 21 | Pontos: 10 | Tamanho: 17
[2026-01-17 21:23:18] Concurso 21 | Pontos: 11 | Tamanho: 19
[2026-01-17 21:23:18] Concurso 21 | Pontos: 11 | Tamanho: 18
[2026-01-17 21:23:18] Concurso 21 | Pontos: 11 | Tamanho: 17
[2026-01-17 21:23:18] Concurso 21 | Pontos: 12 | Tamanho: 18
[2026-01-17 21:23:19] 📤 Git push realizado no concurso 21
[2026-01-17 21:23:19] Concurso 22 | Pontos: 12 | Tamanho: 19
[2026-01-17 21:23:20] Concurso 22 | Pontos: 10 | Tamanho: 16
[2026-01-17 21:23:20] Concurso 22 | Pontos: 11 | Tamanho: 18
[2026-01-17 21:23:20] Concurso 22 | Pontos: 9 | Tamanho: 16
[2026-01-17 21:23:20] Concurso 22 | Pontos: 10 | Tamanho: 16
[2026-01-17 21:23:21] Concurso 22 | Pontos: 11 | Tamanho: 16
[2026-01-17 21:23:21] Concurso 22 | Pontos: 12 | Tamanho: 19
[2026-01-17 21:23:21] Concurso 22 | Pontos: 12 | Tamanho: 19
[2026-01-17 21:23:22] Concurso 22 | Pontos: 11 | Tamanho: 19
[2026-01-17 21:23:22] Concurso 22 | Pontos: 11 | Tamanho: 16
[2026-01-17 21:23:22] 📤 Git push realizado no concurso 22
[2026-01-17 21:23:23] Concurso 23 | Pontos: 12 | Tamanho: 19
[2026-01-17 21:23:23] Concurso 23 | Pontos: 13 | Tamanho: 18
[2026-01-17 21:23:23] Concurso 23 | Pontos: 13 | Tamanho: 20
[2026-01-17 21:23:24] Concurso 23 | Pontos: 12 | Tamanho: 20
[2026-01-17 21:23:24] Concurso 23 | Pontos: 11 | Tamanho: 16
[2026-01-17 21:23:24] Concurso 23 | Pontos: 11 | Tamanho: 18
[2026-01-17 21:23:24] Concurso 23 | Pontos: 12 | Tamanho: 18
[2026-01-17 21:23:25] Concurso 23 | Pontos: 13 | Tamanho: 20
[2026-01-17 21:23:25] 🔥 FOCO 14/15 | Concurso 23 | Pontos: 14
[2026-01-17 21:23:25] Concurso 23 | Pontos: 14 | Tamanho: 19
[2026-01-17 21:23:25] 🔥 FOCO 14/15 | Concurso 23 | Pontos: 14
[2026-01-17 21:23:25] Concurso 23 | Pontos: 14 | Tamanho: 19
[2026-01-17 21:23:26] 📤 Git push realizado no concurso 23
[2026-01-17 21:23:26] Concurso 24 | Pontos: 10 | Tamanho: 16
[2026-01-17 21:23:26] Concurso 24 | Pontos: 9 | Tamanho: 16
[2026-01-17 21:23:27] Concurso 24 | Pontos: 13 | Tamanho: 20
[2026-01-17 21:23:27] Concurso 24 | Pontos: 11 | Tamanho: 20
[2026-01-17 21:23:27] Concurso 24 | Pontos: 10 | Tamanho: 16
[2026-01-17 21:23:27] Concurso 24 | Pontos: 11 | Tamanho: 19
[2026-01-17 21:23:28] Concurso 24 | Pontos: 10 | Tamanho: 16
[2026-01-17 21:23:28] Concurso 24 | Pontos: 10 | Tamanho: 18
[2026-01-17 21:23:28] Concurso 24 | Pontos: 11 | Tamanho: 17
[2026-01-17 21:23:28] Concurso 24 | Pontos: 10 | Tamanho: 17
[2026-01-17 21:23:29] 📤 Git push realizado no concurso 24
[2026-01-17 21:23:29] Concurso 25 | Pontos: 13 | Tamanho: 19
[2026-01-17 21:23:30] Concurso 25 | Pontos: 11 | Tamanho: 18
[2026-01-17 21:23:30] Concurso 25 | Pontos: 12 | Tamanho: 20
[2026-01-17 21:23:30] Concurso 25 | Pontos: 11 | Tamanho: 19
[2026-01-17 21:23:30] Concurso 25 | Pontos: 12 | Tamanho: 19
[2026-01-17 21:23:31] Concurso 25 | Pontos: 11 | Tamanho: 17
[2026-01-17 21:23:31] Concurso 25 | Pontos: 10 | Tamanho: 16
[2026-01-17 21:23:31] Concurso 25 | Pontos: 13 | Tamanho: 19
[2026-01-17 21:23:32] Concurso 25 | Pontos: 11 | Tamanho: 19
[2026-01-17 21:23:32] Concurso 25 | Pontos: 11 | Tamanho: 17
[2026-01-17 21:23:33] 📤 Git push realizado no concurso 25
[2026-01-17 21:23:33] Concurso 26 | Pontos: 12 | Tamanho: 20
[2026-01-17 21:23:33] Concurso 26 | Pontos: 12 | Tamanho: 20
[2026-01-17 21:23:33] Concurso 26 | Pontos: 11 | Tamanho: 19
[2026-01-17 21:23:34] Concurso 26 | Pontos: 12 | Tamanho: 17
[2026-01-17 21:23:34] Concurso 26 | Pontos: 11 | Tamanho: 18
[2026-01-17 21:23:34] Concurso 26 | Pontos: 11 | Tamanho: 20
[2026-01-17 21:23:34] Concurso 26 | Pontos: 12 | Tamanho: 19
[2026-01-17 21:23:35] 🔥 FOCO 14/15 | Concurso 26 | Pontos: 14
[2026-01-17 21:23:35] Concurso 26 | Pontos: 14 | Tamanho: 20
[2026-01-17 21:23:35] Concurso 26 | Pontos: 12 | Tamanho: 17
[2026-01-17 21:23:35] Concurso 26 | Pontos: 11 | Tamanho: 19
[2026-01-17 21:23:36] 📤 Git push realizado no concurso 26
[2026-01-17 21:23:36] Concurso 27 | Pontos: 10 | Tamanho: 16
[2026-01-17 21:23:36] Concurso 27 | Pontos: 10 | Tamanho: 16
[2026-01-17 21:23:37] Concurso 27 | Pontos: 11 | Tamanho: 17
[2026-01-17 21:23:37] Concurso 27 | Pontos: 12 | Tamanho: 20
[2026-01-17 21:23:37] Concurso 27 | Pontos: 11 | Tamanho: 17
[2026-01-17 21:23:37] Concurso 27 | Pontos: 11 | Tamanho: 19
[2026-01-17 21:23:38] Concurso 27 | Pontos: 12 | Tamanho: 17
[2026-01-17 21:23:38] Concurso 27 | Pontos: 13 | Tamanho: 20
[2026-01-17 21:23:38] Concurso 27 | Pontos: 10 | Tamanho: 17
[2026-01-17 21:23:39] Concurso 27 | Pontos: 10 | Tamanho: 16
[2026-01-17 21:23:39] 📤 Git push realizado no concurso 27
[2026-01-17 21:23:39] Concurso 28 | Pontos: 10 | Tamanho: 16
[2026-01-17 21:23:40] Concurso 28 | Pontos: 11 | Tamanho: 20
[2026-01-17 21:23:40] Concurso 28 | Pontos: 11 | Tamanho: 16
[2026-01-17 21:23:40] Concurso 28 | Pontos: 10 | Tamanho: 17
[2026-01-17 21:23:41] Concurso 28 | Pontos: 11 | Tamanho: 17
[2026-01-17 21:23:41] Concurso 28 | Pontos: 11 | Tamanho: 18
[2026-01-17 21:23:41] Concurso 28 | Pontos: 11 | Tamanho: 16
[2026-01-17 21:23:41] Concurso 28 | Pontos: 11 | Tamanho: 16
[2026-01-17 21:23:42] Concurso 28 | Pontos: 11 | Tamanho: 19
[2026-01-17 21:23:42] Concurso 28 | Pontos: 10 | Tamanho: 17
[2026-01-17 21:23:43] 📤 Git push realizado no concurso 28
[2026-01-17 21:23:43] Concurso 29 | Pontos: 9 | Tamanho: 16
[2026-01-17 21:23:43] Concurso 29 | Pontos: 10 | Tamanho: 18
[2026-01-17 21:23:43] Concurso 29 | Pontos: 9 | Tamanho: 18
[2026-01-17 21:23:44] Concurso 29 | Pontos: 11 | Tamanho: 17
[2026-01-17 21:23:44] Concurso 29 | Pontos: 9 | Tamanho: 16
[2026-01-17 21:23:44] Concurso 29 | Pontos: 9 | Tamanho: 16
[2026-01-17 21:23:44] Concurso 29 | Pontos: 12 | Tamanho: 19
[2026-01-17 21:23:45] Concurso 29 | Pontos: 11 | Tamanho: 18
[2026-01-17 21:23:45] Concurso 29 | Pontos: 10 | Tamanho: 19
[2026-01-17 21:23:45] Concurso 29 | Pontos: 9 | Tamanho: 18
[2026-01-17 21:23:46] 📤 Git push realizado no concurso 29
[2026-01-17 21:23:46] Concurso 30 | Pontos: 11 | Tamanho: 20
[2026-01-17 21:23:46] Concurso 30 | Pontos: 9 | Tamanho: 17
[2026-01-17 21:23:47] Concurso 30 | Pontos: 10 | Tamanho: 16
[2026-01-17 21:23:47] Concurso 30 | Pontos: 12 | Tamanho: 18
[2026-01-17 21:23:47] Concurso 30 | Pontos: 11 | Tamanho: 18
[2026-01-17 21:23:48] Concurso 30 | Pontos: 9 | Tamanho: 18
[2026-01-17 21:23:48] Concurso 30 | Pontos: 9 | Tamanho: 17
[2026-01-17 21:23:48] Concurso 30 | Pontos: 13 | Tamanho: 20
[2026-01-17 21:23:48] Concurso 30 | Pontos: 11 | Tamanho: 17
[2026-01-17 21:23:49] Concurso 30 | Pontos: 10 | Tamanho: 16
[2026-01-17 21:23:49] 📤 Git push realizado no concurso 30
[2026-01-17 21:23:50] Concurso 31 | Pontos: 10 | Tamanho: 18
[2026-01-17 21:23:50] Concurso 31 | Pontos: 11 | Tamanho: 19
[2026-01-17 21:23:50] Concurso 31 | Pontos: 10 | Tamanho: 16
[2026-01-17 21:23:50] Concurso 31 | Pontos: 11 | Tamanho: 20
[2026-01-17 21:23:51] Concurso 31 | Pontos: 12 | Tamanho: 20
[2026-01-17 21:23:51] Concurso 31 | Pontos: 12 | Tamanho: 20
[2026-01-17 21:23:51] Concurso 31 | Pontos: 10 | Tamanho: 20
[2026-01-17 21:23:51] Concurso 31 | Pontos: 12 | Tamanho: 19
[2026-01-17 21:23:52] Concurso 31 | Pontos: 11 | Tamanho: 20
[2026-01-17 21:23:52] Concurso 31 | Pontos: 9 | Tamanho: 17
[2026-01-17 21:23:53] 📤 Git push realizado no concurso 31
[2026-01-17 21:23:53] Concurso 32 | Pontos: 13 | Tamanho: 20
[2026-01-17 21:23:53] Concurso 32 | Pontos: 11 | Tamanho: 16
[2026-01-17 21:23:53] Concurso 32 | Pontos: 11 | Tamanho: 17
[2026-01-17 21:23:54] Concurso 32 | Pontos: 10 | Tamanho: 16
[2026-01-17 21:23:54] Concurso 32 | Pontos: 11 | Tamanho: 16
[2026-01-17 21:23:54] Concurso 32 | Pontos: 11 | Tamanho: 18
[2026-01-17 21:23:55] Concurso 32 | Pontos: 12 | Tamanho: 19
[2026-01-17 21:23:55] Concurso 32 | Pontos: 10 | Tamanho: 16
[2026-01-17 21:23:55] Concurso 32 | Pontos: 10 | Tamanho: 16
[2026-01-17 21:23:55] Concurso 32 | Pontos: 10 | Tamanho: 19
[2026-01-17 21:23:56] 📤 Git push realizado no concurso 32
[2026-01-17 21:23:56] Concurso 33 | Pontos: 9 | Tamanho: 19
[2026-01-17 21:23:56] Concurso 33 | Pontos: 8 | Tamanho: 16
[2026-01-17 21:23:57] Concurso 33 | Pontos: 8 | Tamanho: 17
[2026-01-17 21:23:57] Concurso 33 | Pontos: 12 | Tamanho: 20
[2026-01-17 21:23:57] Concurso 33 | Pontos: 10 | Tamanho: 19
[2026-01-17 21:23:58] Concurso 33 | Pontos: 12 | Tamanho: 20
[2026-01-17 21:23:58] Concurso 33 | Pontos: 8 | Tamanho: 17
[2026-01-17 21:23:58] Concurso 33 | Pontos: 9 | Tamanho: 19
[2026-01-17 21:23:58] Concurso 33 | Pontos: 10 | Tamanho: 19
[2026-01-17 21:23:59] Concurso 33 | Pontos: 12 | Tamanho: 20
[2026-01-17 21:23:59] 📤 Git push realizado no concurso 33
[2026-01-17 21:24:00] Concurso 34 | Pontos: 12 | Tamanho: 16
[2026-01-17 21:24:00] Concurso 34 | Pontos: 11 | Tamanho: 17
[2026-01-17 21:24:00] Concurso 34 | Pontos: 13 | Tamanho: 19
[2026-01-17 21:24:00] Concurso 34 | Pontos: 13 | Tamanho: 17
[2026-01-17 21:24:01] 🔥 FOCO 14/15 | Concurso 34 | Pontos: 14
[2026-01-17 21:24:01] Concurso 34 | Pontos: 14 | Tamanho: 19
[2026-01-17 21:24:01] Concurso 34 | Pontos: 12 | Tamanho: 20
[2026-01-17 21:24:01] Concurso 34 | Pontos: 12 | Tamanho: 18
[2026-01-17 21:24:01] Concurso 34 | Pontos: 12 | Tamanho: 18
[2026-01-17 21:24:02] Concurso 34 | Pontos: 11 | Tamanho: 17
[2026-01-17 21:24:02] Concurso 34 | Pontos: 12 | Tamanho: 17
[2026-01-17 21:24:03] 📤 Git push realizado no concurso 34
[2026-01-17 21:24:03] Concurso 35 | Pontos: 12 | Tamanho: 16
[2026-01-17 21:24:03] Concurso 35 | Pontos: 11 | Tamanho: 18
[2026-01-17 21:24:03] Concurso 35 | Pontos: 11 | Tamanho: 18
[2026-01-17 21:24:04] Concurso 35 | Pontos: 12 | Tamanho: 18
[2026-01-17 21:24:04] Concurso 35 | Pontos: 13 | Tamanho: 18
[2026-01-17 21:24:04] Concurso 35 | Pontos: 12 | Tamanho: 18
[2026-01-17 21:24:05] Concurso 35 | Pontos: 12 | Tamanho: 17
[2026-01-17 21:24:05] Concurso 35 | Pontos: 13 | Tamanho: 19
[2026-01-17 21:24:05] Concurso 35 | Pontos: 13 | Tamanho: 17
[2026-01-17 21:24:05] Concurso 35 | Pontos: 12 | Tamanho: 17
[2026-01-17 21:24:06] 📤 Git push realizado no concurso 35
[2026-01-17 21:24:06] Concurso 36 | Pontos: 11 | Tamanho: 16
[2026-01-17 21:24:07] Concurso 36 | Pontos: 10 | Tamanho: 16
[2026-01-17 21:24:07] Concurso 36 | Pontos: 12 | Tamanho: 18
[2026-01-17 21:24:07] Concurso 36 | Pontos: 12 | Tamanho: 18
[2026-01-17 21:24:07] Concurso 36 | Pontos: 11 | Tamanho: 16
[2026-01-17 21:24:08] Concurso 36 | Pontos: 10 | Tamanho: 17
[2026-01-17 21:24:08] Concurso 36 | Pontos: 12 | Tamanho: 19
[2026-01-17 21:24:08] Concurso 36 | Pontos: 12 | Tamanho: 20
[2026-01-17 21:24:08] Concurso 36 | Pontos: 11 | Tamanho: 17
[2026-01-17 21:24:09] Concurso 36 | Pontos: 11 | Tamanho: 16
[2026-01-17 21:24:09] 📤 Git push realizado no concurso 36
[2026-01-17 21:24:10] Concurso 37 | Pontos: 11 | Tamanho: 19
[2026-01-17 21:24:10] Concurso 37 | Pontos: 9 | Tamanho: 16
[2026-01-17 21:24:10] Concurso 37 | Pontos: 12 | Tamanho: 19
[2026-01-17 21:24:10] Concurso 37 | Pontos: 9 | Tamanho: 16
[2026-01-17 21:24:11] Concurso 37 | Pontos: 10 | Tamanho: 18
[2026-01-17 21:24:11] Concurso 37 | Pontos: 9 | Tamanho: 16
[2026-01-17 21:24:11] Concurso 37 | Pontos: 10 | Tamanho: 17
[2026-01-17 21:24:12] Concurso 37 | Pontos: 9 | Tamanho: 17
[2026-01-17 21:24:12] Concurso 37 | Pontos: 10 | Tamanho: 17
[2026-01-17 21:24:12] Concurso 37 | Pontos: 11 | Tamanho: 18
[2026-01-17 21:24:13] 📤 Git push realizado no concurso 37
[2026-01-17 21:24:13] Concurso 38 | Pontos: 12 | Tamanho: 20
[2026-01-17 21:24:13] Concurso 38 | Pontos: 10 | Tamanho: 17
[2026-01-17 21:24:13] Concurso 38 | Pontos: 10 | Tamanho: 19
[2026-01-17 21:24:14] Concurso 38 | Pontos: 13 | Tamanho: 20
[2026-01-17 21:24:14] Concurso 38 | Pontos: 9 | Tamanho: 17
[2026-01-17 21:24:14] Concurso 38 | Pontos: 9 | Tamanho: 17
[2026-01-17 21:24:15] Concurso 38 | Pontos: 11 | Tamanho: 20
[2026-01-17 21:24:15] Concurso 38 | Pontos: 9 | Tamanho: 16
[2026-01-17 21:24:15] Concurso 38 | Pontos: 11 | Tamanho: 19
[2026-01-17 21:24:15] Concurso 38 | Pontos: 11 | Tamanho: 18
[2026-01-17 21:24:16] 📤 Git push realizado no concurso 38
[2026-01-17 21:24:16] Concurso 39 | Pontos: 12 | Tamanho: 18
[2026-01-17 21:24:17] Concurso 39 | Pontos: 11 | Tamanho: 17
[2026-01-17 21:24:17] Concurso 39 | Pontos: 12 | Tamanho: 16
[2026-01-17 21:24:17] Concurso 39 | Pontos: 10 | Tamanho: 16
[2026-01-17 21:24:17] 🔥 FOCO 14/15 | Concurso 39 | Pontos: 14
[2026-01-17 21:24:17] Concurso 39 | Pontos: 14 | Tamanho: 20
[2026-01-17 21:24:18] Concurso 39 | Pontos: 12 | Tamanho: 17
[2026-01-17 21:24:18] Concurso 39 | Pontos: 12 | Tamanho: 19
[2026-01-17 21:24:18] Concurso 39 | Pontos: 13 | Tamanho: 20
[2026-01-17 21:24:18] Concurso 39 | Pontos: 13 | Tamanho: 20
[2026-01-17 21:24:19] Concurso 39 | Pontos: 11 | Tamanho: 16
[2026-01-17 21:24:19] 📤 Git push realizado no concurso 39
[2026-01-17 21:24:20] Concurso 40 | Pontos: 10 | Tamanho: 18
[2026-01-17 21:24:20] Concurso 40 | Pontos: 9 | Tamanho: 17
[2026-01-17 21:24:20] Concurso 40 | Pontos: 10 | Tamanho: 18
[2026-01-17 21:24:20] Concurso 40 | Pontos: 9 | Tamanho: 16
[2026-01-17 21:24:21] Concurso 40 | Pontos: 8 | Tamanho: 16
[2026-01-17 21:24:21] Concurso 40 | Pontos: 10 | Tamanho: 19
[2026-01-17 21:24:21] Concurso 40 | Pontos: 8 | Tamanho: 16
[2026-01-17 21:24:22] Concurso 40 | Pontos: 11 | Tamanho: 20
[2026-01-17 21:24:22] Concurso 40 | Pontos: 12 | Tamanho: 19
[2026-01-17 21:24:22] Concurso 40 | Pontos: 9 | Tamanho: 17
[2026-01-17 21:24:23] 📤 Git push realizado no concurso 40
[2026-01-17 21:24:23] Concurso 41 | Pontos: 12 | Tamanho: 20
[2026-01-17 21:24:23] Concurso 41 | Pontos: 10 | Tamanho: 16
[2026-01-17 21:24:24] Concurso 41 | Pontos: 12 | Tamanho: 20
[2026-01-17 21:24:24] Concurso 41 | Pontos: 11 | Tamanho: 16
[2026-01-17 21:24:24] Concurso 41 | Pontos: 11 | Tamanho: 18
[2026-01-17 21:24:24] Concurso 41 | Pontos: 11 | Tamanho: 17
[2026-01-17 21:24:25] Concurso 41 | Pontos: 12 | Tamanho: 18
[2026-01-17 21:24:25] Concurso 41 | Pontos: 11 | Tamanho: 18
[2026-01-17 21:24:25] Concurso 41 | Pontos: 11 | Tamanho: 20
[2026-01-17 21:24:25] Concurso 41 | Pontos: 13 | Tamanho: 19
[2026-01-17 21:24:26] 📤 Git push realizado no concurso 41
[2026-01-17 21:24:26] Concurso 42 | Pontos: 10 | Tamanho: 18
[2026-01-17 21:24:27] Concurso 42 | Pontos: 10 | Tamanho: 16
[2026-01-17 21:24:27] Concurso 42 | Pontos: 10 | Tamanho: 16
[2026-01-17 21:24:27] Concurso 42 | Pontos: 11 | Tamanho: 19
[2026-01-17 21:24:27] Concurso 42 | Pontos: 9 | Tamanho: 16
[2026-01-17 21:24:28] Concurso 42 | Pontos: 9 | Tamanho: 16
[2026-01-17 21:24:28] Concurso 42 | Pontos: 10 | Tamanho: 17
[2026-01-17 21:24:28] Concurso 42 | Pontos: 12 | Tamanho: 20
[2026-01-17 21:24:29] Concurso 42 | Pontos: 9 | Tamanho: 16
[2026-01-17 21:24:29] Concurso 42 | Pontos: 9 | Tamanho: 18
[2026-01-17 21:24:29] 📤 Git push realizado no concurso 42
[2026-01-17 21:24:30] Concurso 43 | Pontos: 11 | Tamanho: 18
[2026-01-17 21:24:30] Concurso 43 | Pontos: 13 | Tamanho: 20
[2026-01-17 21:24:30] Concurso 43 | Pontos: 13 | Tamanho: 17
[2026-01-17 21:24:31] Concurso 43 | Pontos: 12 | Tamanho: 16
[2026-01-17 21:24:31] Concurso 43 | Pontos: 13 | Tamanho: 19
[2026-01-17 21:24:31] Concurso 43 | Pontos: 13 | Tamanho: 19
[2026-01-17 21:24:31] Concurso 43 | Pontos: 12 | Tamanho: 16
[2026-01-17 21:24:32] Concurso 43 | Pontos: 13 | Tamanho: 19
[2026-01-17 21:24:32] Concurso 43 | Pontos: 12 | Tamanho: 18
[2026-01-17 21:24:32] Concurso 43 | Pontos: 13 | Tamanho: 17
[2026-01-17 21:24:33] 📤 Git push realizado no concurso 43
[2026-01-17 21:24:33] Concurso 44 | Pontos: 10 | Tamanho: 16
[2026-01-17 21:24:33] Concurso 44 | Pontos: 11 | Tamanho: 17
[2026-01-17 21:24:34] Concurso 44 | Pontos: 9 | Tamanho: 17
[2026-01-17 21:24:34] Concurso 44 | Pontos: 12 | Tamanho: 19
[2026-01-17 21:24:34] Concurso 44 | Pontos: 11 | Tamanho: 18
[2026-01-17 21:24:34] Concurso 44 | Pontos: 11 | Tamanho: 17
[2026-01-17 21:24:35] Concurso 44 | Pontos: 11 | Tamanho: 18
[2026-01-17 21:24:35] Concurso 44 | Pontos: 9 | Tamanho: 16
[2026-01-17 21:24:35] Concurso 44 | Pontos: 11 | Tamanho: 18
[2026-01-17 21:24:36] Concurso 44 | Pontos: 11 | Tamanho: 18
[2026-01-17 21:24:36] 📤 Git push realizado no concurso 44
[2026-01-17 21:24:36] Concurso 45 | Pontos: 13 | Tamanho: 18
[2026-01-17 21:24:37] Concurso 45 | Pontos: 11 | Tamanho: 17
[2026-01-17 21:24:37] Concurso 45 | Pontos: 12 | Tamanho: 16
[2026-01-17 21:24:37] Concurso 45 | Pontos: 13 | Tamanho: 18
[2026-01-17 21:24:37] Concurso 45 | Pontos: 11 | Tamanho: 18
[2026-01-17 21:24:38] Concurso 45 | Pontos: 10 | Tamanho: 16
[2026-01-17 21:24:38] Concurso 45 | Pontos: 12 | Tamanho: 17
[2026-01-17 21:24:38] Concurso 45 | Pontos: 13 | Tamanho: 20
[2026-01-17 21:24:39] Concurso 45 | Pontos: 11 | Tamanho: 17
[2026-01-17 21:24:39] Concurso 45 | Pontos: 10 | Tamanho: 16
[2026-01-17 21:24:40] 📤 Git push realizado no concurso 45
[2026-01-17 21:24:40] Concurso 46 | Pontos: 11 | Tamanho: 19
[2026-01-17 21:24:40] Concurso 46 | Pontos: 8 | Tamanho: 16
[2026-01-17 21:24:40] Concurso 46 | Pontos: 13 | Tamanho: 20
[2026-01-17 21:24:41] Concurso 46 | Pontos: 12 | Tamanho: 19
[2026-01-17 21:24:41] Concurso 46 | Pontos: 9 | Tamanho: 18
[2026-01-17 21:24:41] Concurso 46 | Pontos: 11 | Tamanho: 20
[2026-01-17 21:24:41] Concurso 46 | Pontos: 12 | Tamanho: 19
[2026-01-17 21:24:42] Concurso 46 | Pontos: 10 | Tamanho: 18
[2026-01-17 21:24:42] Concurso 46 | Pontos: 11 | Tamanho: 19
[2026-01-17 21:24:42] Concurso 46 | Pontos: 9 | Tamanho: 16
[2026-01-17 21:24:43] 📤 Git push realizado no concurso 46
[2026-01-17 21:24:43] Concurso 47 | Pontos: 12 | Tamanho: 20
[2026-01-17 21:24:43] Concurso 47 | Pontos: 10 | Tamanho: 19
[2026-01-17 21:24:44] Concurso 47 | Pontos: 9 | Tamanho: 16
[2026-01-17 21:24:44] Concurso 47 | Pontos: 10 | Tamanho: 16
[2026-01-17 21:24:44] Concurso 47 | Pontos: 12 | Tamanho: 18
[2026-01-17 21:24:45] Concurso 47 | Pontos: 10 | Tamanho: 18
[2026-01-17 21:24:45] Concurso 47 | Pontos: 12 | Tamanho: 20
[2026-01-17 21:24:45] Concurso 47 | Pontos: 10 | Tamanho: 20
[2026-01-17 21:24:45] Concurso 47 | Pontos: 11 | Tamanho: 20
[2026-01-17 21:24:46] Concurso 47 | Pontos: 10 | Tamanho: 17
[2026-01-17 21:24:46] 📤 Git push realizado no concurso 47
[2026-01-17 21:24:47] Concurso 48 | Pontos: 8 | Tamanho: 16
[2026-01-17 21:24:47] Concurso 48 | Pontos: 10 | Tamanho: 17
[2026-01-17 21:24:47] Concurso 48 | Pontos: 8 | Tamanho: 16
[2026-01-17 21:24:47] Concurso 48 | Pontos: 12 | Tamanho: 20
[2026-01-17 21:24:48] Concurso 48 | Pontos: 9 | Tamanho: 18
[2026-01-17 21:24:48] Concurso 48 | Pontos: 13 | Tamanho: 20
[2026-01-17 21:24:48] Concurso 48 | Pontos: 9 | Tamanho: 17
[2026-01-17 21:24:48] Concurso 48 | Pontos: 9 | Tamanho: 18
[2026-01-17 21:24:49] Concurso 48 | Pontos: 9 | Tamanho: 17
[2026-01-17 21:24:49] Concurso 48 | Pontos: 10 | Tamanho: 18
[2026-01-17 21:24:50] 📤 Git push realizado no concurso 48
[2026-01-17 21:24:50] Concurso 49 | Pontos: 11 | Tamanho: 16
[2026-01-17 21:24:50] Concurso 49 | Pontos: 11 | Tamanho: 18
[2026-01-17 21:24:50] Concurso 49 | Pontos: 11 | Tamanho: 20
[2026-01-17 21:24:51] Concurso 49 | Pontos: 11 | Tamanho: 17
[2026-01-17 21:24:51] Concurso 49 | Pontos: 13 | Tamanho: 20
[2026-01-17 21:24:51] Concurso 49 | Pontos: 13 | Tamanho: 17
[2026-01-17 21:24:51] Concurso 49 | Pontos: 11 | Tamanho: 17
[2026-01-17 21:24:52] Concurso 49 | Pontos: 12 | Tamanho: 18
[2026-01-17 21:24:52] Concurso 49 | Pontos: 11 | Tamanho: 17
[2026-01-17 21:24:52] Concurso 49 | Pontos: 12 | Tamanho: 18
[2026-01-17 21:35:31] 🧠 Treinamento iniciado
[2026-01-17 21:35:31] Concurso 1 | Pontos: 11 | Tamanho: 19
[2026-01-17 21:35:31] Concurso 1 | Pontos: 13 | Tamanho: 20
[2026-01-17 21:35:32] Concurso 1 | Pontos: 13 | Tamanho: 20
[2026-01-17 21:35:32] Concurso 1 | Pontos: 11 | Tamanho: 19
[2026-01-17 21:35:32] Concurso 1 | Pontos: 13 | Tamanho: 20
[2026-01-17 21:35:33] Concurso 1 | Pontos: 9 | Tamanho: 16
[2026-01-17 21:35:33] Concurso 1 | Pontos: 11 | Tamanho: 19
[2026-01-17 21:35:33] Concurso 1 | Pontos: 10 | Tamanho: 16
[2026-01-17 21:35:33] Concurso 1 | Pontos: 11 | Tamanho: 19
[2026-01-17 21:35:34] Concurso 1 | Pontos: 10 | Tamanho: 16
[2026-01-17 21:35:35] 📤 Git push realizado | Concurso 1
[2026-01-17 21:35:35] Concurso 2 | Pontos: 11 | Tamanho: 16
[2026-01-17 21:35:35] Concurso 2 | Pontos: 13 | Tamanho: 20
[2026-01-17 21:35:35] Concurso 2 | Pontos: 11 | Tamanho: 16
[2026-01-17 21:35:36] Concurso 2 | Pontos: 11 | Tamanho: 17
[2026-01-17 21:35:36] Concurso 2 | Pontos: 13 | Tamanho: 20
[2026-01-17 21:35:36] Concurso 2 | Pontos: 12 | Tamanho: 17
[2026-01-17 21:35:37] Concurso 2 | Pontos: 10 | Tamanho: 16
[2026-01-17 21:35:37] 🔥 FOCO 14/15 | Concurso 2 | Pontos: 14
[2026-01-17 21:35:37] Concurso 2 | Pontos: 14 | Tamanho: 19
[2026-01-17 21:35:37] Concurso 2 | Pontos: 11 | Tamanho: 18
[2026-01-17 21:35:38] Concurso 2 | Pontos: 12 | Tamanho: 16
[2026-01-17 21:35:38] 📤 Git push realizado | Concurso 2
[2026-01-17 21:35:39] Concurso 3 | Pontos: 12 | Tamanho: 18
[2026-01-17 21:35:39] Concurso 3 | Pontos: 11 | Tamanho: 20
[2026-01-17 21:35:39] Concurso 3 | Pontos: 11 | Tamanho: 19
[2026-01-17 21:35:39] Concurso 3 | Pontos: 10 | Tamanho: 17
[2026-01-17 21:35:40] Concurso 3 | Pontos: 11 | Tamanho: 19
[2026-01-17 21:35:40] Concurso 3 | Pontos: 12 | Tamanho: 20
[2026-01-17 21:35:40] Concurso 3 | Pontos: 11 | Tamanho: 17
[2026-01-17 21:35:41] Concurso 3 | Pontos: 11 | Tamanho: 19
[2026-01-17 21:35:41] Concurso 3 | Pontos: 12 | Tamanho: 19
[2026-01-17 21:35:41] Concurso 3 | Pontos: 10 | Tamanho: 16
[2026-01-17 21:35:42] 📤 Git push realizado | Concurso 3
[2026-01-17 21:35:42] Concurso 4 | Pontos: 10 | Tamanho: 16
[2026-01-17 21:35:42] Concurso 4 | Pontos: 11 | Tamanho: 19
[2026-01-17 21:35:43] Concurso 4 | Pontos: 13 | Tamanho: 20
[2026-01-17 21:35:43] Concurso 4 | Pontos: 10 | Tamanho: 17
[2026-01-17 21:35:43] Concurso 4 | Pontos: 10 | Tamanho: 17
[2026-01-17 21:35:43] Concurso 4 | Pontos: 10 | Tamanho: 16
[2026-01-17 21:35:44] Concurso 4 | Pontos: 11 | Tamanho: 20
[2026-01-17 21:35:44] Concurso 4 | Pontos: 12 | Tamanho: 18
[2026-01-17 21:35:44] Concurso 4 | Pontos: 12 | Tamanho: 18
[2026-01-17 21:35:45] Concurso 4 | Pontos: 11 | Tamanho: 18
[2026-01-17 21:35:45] 📤 Git push realizado | Concurso 4
[2026-01-17 21:35:46] Concurso 5 | Pontos: 12 | Tamanho: 20
[2026-01-17 21:35:46] Concurso 5 | Pontos: 12 | Tamanho: 20
[2026-01-17 21:35:46] Concurso 5 | Pontos: 12 | Tamanho: 19
[2026-01-17 21:35:46] Concurso 5 | Pontos: 12 | Tamanho: 19
[2026-01-17 21:35:47] Concurso 5 | Pontos: 11 | Tamanho: 19
[2026-01-17 21:35:47] Concurso 5 | Pontos: 10 | Tamanho: 17
[2026-01-17 21:35:47] Concurso 5 | Pontos: 12 | Tamanho: 18
[2026-01-17 21:35:48] Concurso 5 | Pontos: 10 | Tamanho: 16
[2026-01-17 21:35:48] Concurso 5 | Pontos: 10 | Tamanho: 18
[2026-01-17 21:35:48] Concurso 5 | Pontos: 11 | Tamanho: 19
[2026-01-17 21:35:49] 📤 Git push realizado | Concurso 5
[2026-01-17 21:35:49] Concurso 6 | Pontos: 10 | Tamanho: 19
[2026-01-17 21:35:49] Concurso 6 | Pontos: 9 | Tamanho: 16
[2026-01-17 21:35:50] Concurso 6 | Pontos: 9 | Tamanho: 17
[2026-01-17 21:35:50] Concurso 6 | Pontos: 10 | Tamanho: 19
[2026-01-17 21:35:50] Concurso 6 | Pontos: 10 | Tamanho: 18
[2026-01-17 21:35:51] Concurso 6 | Pontos: 9 | Tamanho: 18
[2026-01-17 21:35:51] Concurso 6 | Pontos: 7 | Tamanho: 16
[2026-01-17 21:35:51] Concurso 6 | Pontos: 9 | Tamanho: 18
[2026-01-17 21:35:51] Concurso 6 | Pontos: 10 | Tamanho: 18
[2026-01-17 21:35:52] Concurso 6 | Pontos: 10 | Tamanho: 17
[2026-01-17 21:35:52] 📤 Git push realizado | Concurso 6
[2026-01-17 21:35:52] Concurso 7 | Pontos: 13 | Tamanho: 20
[2026-01-17 21:35:53] Concurso 7 | Pontos: 11 | Tamanho: 19
[2026-01-17 21:35:53] Concurso 7 | Pontos: 10 | Tamanho: 18
[2026-01-17 21:35:53] Concurso 7 | Pontos: 11 | Tamanho: 20
[2026-01-17 21:35:54] Concurso 7 | Pontos: 12 | Tamanho: 19
[2026-01-17 21:35:54] Concurso 7 | Pontos: 11 | Tamanho: 18
[2026-01-17 21:35:54] Concurso 7 | Pontos: 10 | Tamanho: 18
[2026-01-17 21:35:54] Concurso 7 | Pontos: 10 | Tamanho: 16
[2026-01-17 21:35:55] Concurso 7 | Pontos: 9 | Tamanho: 17
[2026-01-17 21:35:55] Concurso 7 | Pontos: 11 | Tamanho: 19
[2026-01-17 21:35:56] 📤 Git push realizado | Concurso 7
[2026-01-17 21:35:56] Concurso 8 | Pontos: 11 | Tamanho: 20
[2026-01-17 21:35:56] Concurso 8 | Pontos: 11 | Tamanho: 16
[2026-01-17 21:35:57] Concurso 8 | Pontos: 11 | Tamanho: 19
[2026-01-17 21:35:57] Concurso 8 | Pontos: 10 | Tamanho: 16
[2026-01-17 21:35:57] Concurso 8 | Pontos: 11 | Tamanho: 17
[2026-01-17 21:35:57] Concurso 8 | Pontos: 13 | Tamanho: 20
[2026-01-17 21:35:58] Concurso 8 | Pontos: 12 | Tamanho: 19
[2026-01-17 21:35:58] Concurso 8 | Pontos: 11 | Tamanho: 17
[2026-01-17 21:35:58] Concurso 8 | Pontos: 11 | Tamanho: 18
[2026-01-17 21:35:59] Concurso 8 | Pontos: 11 | Tamanho: 18
[2026-01-17 21:35:59] 📤 Git push realizado | Concurso 8
[2026-01-17 21:36:00] Concurso 9 | Pontos: 13 | Tamanho: 20
[2026-01-17 21:36:00] 🔥 FOCO 14/15 | Concurso 9 | Pontos: 14
[2026-01-17 21:36:00] Concurso 9 | Pontos: 14 | Tamanho: 20
[2026-01-17 21:36:00] Concurso 9 | Pontos: 11 | Tamanho: 16
[2026-01-17 21:36:00] Concurso 9 | Pontos: 11 | Tamanho: 17
[2026-01-17 21:36:01] Concurso 9 | Pontos: 10 | Tamanho: 16
[2026-01-17 21:36:01] Concurso 9 | Pontos: 10 | Tamanho: 16
[2026-01-17 21:36:01] Concurso 9 | Pontos: 10 | Tamanho: 17
[2026-01-17 21:36:02] Concurso 9 | Pontos: 13 | Tamanho: 18
[2026-01-17 21:36:02] Concurso 9 | Pontos: 10 | Tamanho: 16
[2026-01-17 21:36:02] Concurso 9 | Pontos: 13 | Tamanho: 20
[2026-01-17 21:36:03] 📤 Git push realizado | Concurso 9
[2026-01-17 21:36:03] Concurso 10 | Pontos: 10 | Tamanho: 16
[2026-01-17 21:36:04] Concurso 10 | Pontos: 11 | Tamanho: 19
[2026-01-17 21:36:04] Concurso 10 | Pontos: 9 | Tamanho: 16
[2026-01-17 21:36:04] Concurso 10 | Pontos: 9 | Tamanho: 16
[2026-01-17 21:36:04] Concurso 10 | Pontos: 10 | Tamanho: 18
[2026-01-17 21:36:05] Concurso 10 | Pontos: 11 | Tamanho: 17
[2026-01-17 21:36:05] Concurso 10 | Pontos: 10 | Tamanho: 18
[2026-01-17 21:36:05] Concurso 10 | Pontos: 11 | Tamanho: 17
[2026-01-17 21:36:05] Concurso 10 | Pontos: 9 | Tamanho: 17
[2026-01-17 21:36:06] Concurso 10 | Pontos: 11 | Tamanho: 19
[2026-01-17 21:36:06] 📤 Git push realizado | Concurso 10
[2026-01-17 21:36:07] Concurso 11 | Pontos: 11 | Tamanho: 19
[2026-01-17 21:36:07] Concurso 11 | Pontos: 12 | Tamanho: 18
[2026-01-17 21:36:07] Concurso 11 | Pontos: 12 | Tamanho: 20
[2026-01-17 21:36:08] Concurso 11 | Pontos: 10 | Tamanho: 19
[2026-01-17 21:36:08] Concurso 11 | Pontos: 12 | Tamanho: 20
[2026-01-17 21:36:08] Concurso 11 | Pontos: 11 | Tamanho: 17
[2026-01-17 21:36:08] Concurso 11 | Pontos: 12 | Tamanho: 19
[2026-01-17 21:36:09] Concurso 11 | Pontos: 13 | Tamanho: 19
[2026-01-17 21:36:09] Concurso 11 | Pontos: 12 | Tamanho: 17
[2026-01-17 21:36:09] Concurso 11 | Pontos: 9 | Tamanho: 16
[2026-01-17 21:36:10] 📤 Git push realizado | Concurso 11
[2026-01-17 21:36:10] Concurso 12 | Pontos: 12 | Tamanho: 18
[2026-01-17 21:36:11] Concurso 12 | Pontos: 10 | Tamanho: 16
[2026-01-17 21:36:11] Concurso 12 | Pontos: 12 | Tamanho: 19
[2026-01-17 21:36:11] Concurso 12 | Pontos: 11 | Tamanho: 19
[2026-01-17 21:36:11] Concurso 12 | Pontos: 10 | Tamanho: 17
[2026-01-17 21:36:12] Concurso 12 | Pontos: 11 | Tamanho: 20
[2026-01-17 21:36:12] Concurso 12 | Pontos: 9 | Tamanho: 16
[2026-01-17 21:36:12] Concurso 12 | Pontos: 12 | Tamanho: 19
[2026-01-17 21:36:12] Concurso 12 | Pontos: 13 | Tamanho: 20
[2026-01-17 21:36:13] Concurso 12 | Pontos: 9 | Tamanho: 17
[2026-01-17 21:36:14] 📤 Git push realizado | Concurso 12
[2026-01-17 21:36:14] Concurso 13 | Pontos: 12 | Tamanho: 18
[2026-01-17 21:36:14] Concurso 13 | Pontos: 12 | Tamanho: 18
[2026-01-17 21:36:14] Concurso 13 | Pontos: 11 | Tamanho: 17
[2026-01-17 21:36:15] Concurso 13 | Pontos: 12 | Tamanho: 17
[2026-01-17 21:36:15] Concurso 13 | Pontos: 11 | Tamanho: 17
[2026-01-17 21:36:15] Concurso 13 | Pontos: 11 | Tamanho: 17
[2026-01-17 21:36:15] Concurso 13 | Pontos: 12 | Tamanho: 19
[2026-01-17 21:36:16] Concurso 13 | Pontos: 10 | Tamanho: 16
[2026-01-17 21:36:16] Concurso 13 | Pontos: 10 | Tamanho: 17
[2026-01-17 21:36:16] Concurso 13 | Pontos: 12 | Tamanho: 20
[2026-01-17 21:36:17] 📤 Git push realizado | Concurso 13
[2026-01-17 21:36:17] Concurso 14 | Pontos: 12 | Tamanho: 19
[2026-01-17 21:36:18] Concurso 14 | Pontos: 10 | Tamanho: 18
[2026-01-17 21:36:18] Concurso 14 | Pontos: 12 | Tamanho: 20
[2026-01-17 21:36:18] Concurso 14 | Pontos: 11 | Tamanho: 18
[2026-01-17 21:36:18] Concurso 14 | Pontos: 9 | Tamanho: 16
[2026-01-17 21:36:19] Concurso 14 | Pontos: 9 | Tamanho: 17
[2026-01-17 21:36:19] Concurso 14 | Pontos: 11 | Tamanho: 18
[2026-01-17 21:36:19] Concurso 14 | Pontos: 11 | Tamanho: 19
[2026-01-17 21:36:20] Concurso 14 | Pontos: 9 | Tamanho: 17
[2026-01-17 21:36:20] Concurso 14 | Pontos: 11 | Tamanho: 19
[2026-01-17 21:36:21] 📤 Git push realizado | Concurso 14
[2026-01-17 21:36:21] Concurso 15 | Pontos: 12 | Tamanho: 19
[2026-01-17 21:36:21] Concurso 15 | Pontos: 11 | Tamanho: 17
[2026-01-17 21:36:21] Concurso 15 | Pontos: 10 | Tamanho: 16
[2026-01-17 21:36:22] Concurso 15 | Pontos: 12 | Tamanho: 19
[2026-01-17 21:36:22] Concurso 15 | Pontos: 13 | Tamanho: 19
[2026-01-17 21:36:22] Concurso 15 | Pontos: 12 | Tamanho: 19
[2026-01-17 21:36:22] Concurso 15 | Pontos: 11 | Tamanho: 17
[2026-01-17 21:36:23] 🔥 FOCO 14/15 | Concurso 15 | Pontos: 14
[2026-01-17 21:36:23] Concurso 15 | Pontos: 14 | Tamanho: 20
[2026-01-17 21:36:23] Concurso 15 | Pontos: 13 | Tamanho: 20
[2026-01-17 21:36:23] Concurso 15 | Pontos: 11 | Tamanho: 20
[2026-01-17 21:36:24] 📤 Git push realizado | Concurso 15
[2026-01-17 21:36:24] Concurso 16 | Pontos: 12 | Tamanho: 20
[2026-01-17 21:36:25] Concurso 16 | Pontos: 12 | Tamanho: 19
[2026-01-17 21:36:25] Concurso 16 | Pontos: 11 | Tamanho: 17
[2026-01-17 21:36:25] Concurso 16 | Pontos: 10 | Tamanho: 17
[2026-01-17 21:36:25] Concurso 16 | Pontos: 13 | Tamanho: 19
[2026-01-17 21:36:26] Concurso 16 | Pontos: 12 | Tamanho: 20
[2026-01-17 21:36:26] Concurso 16 | Pontos: 10 | Tamanho: 18
[2026-01-17 21:36:26] Concurso 16 | Pontos: 11 | Tamanho: 17
[2026-01-17 21:36:27] Concurso 16 | Pontos: 13 | Tamanho: 20
[2026-01-17 21:36:27] Concurso 16 | Pontos: 11 | Tamanho: 18
[2026-01-17 21:36:28] 📤 Git push realizado | Concurso 16
[2026-01-17 21:36:28] Concurso 17 | Pontos: 9 | Tamanho: 17
[2026-01-17 21:36:28] Concurso 17 | Pontos: 12 | Tamanho: 20
[2026-01-17 21:36:28] Concurso 17 | Pontos: 11 | Tamanho: 18
[2026-01-17 21:36:29] Concurso 17 | Pontos: 11 | Tamanho: 19
[2026-01-17 21:36:29] Concurso 17 | Pontos: 10 | Tamanho: 17
[2026-01-17 21:36:29] Concurso 17 | Pontos: 12 | Tamanho: 20
[2026-01-17 21:36:29] Concurso 17 | Pontos: 11 | Tamanho: 18
[2026-01-17 21:36:30] Concurso 17 | Pontos: 9 | Tamanho: 16
[2026-01-17 21:36:30] Concurso 17 | Pontos: 10 | Tamanho: 16
[2026-01-17 21:36:30] Concurso 17 | Pontos: 11 | Tamanho: 18
[2026-01-17 21:36:31] 📤 Git push realizado | Concurso 17
[2026-01-17 21:36:31] Concurso 18 | Pontos: 13 | Tamanho: 20
[2026-01-17 21:36:32] Concurso 18 | Pontos: 12 | Tamanho: 19
[2026-01-17 21:36:32] Concurso 18 | Pontos: 12 | Tamanho: 17
[2026-01-17 21:36:32] Concurso 18 | Pontos: 13 | Tamanho: 20
[2026-01-17 21:36:32] Concurso 18 | Pontos: 11 | Tamanho: 17
[2026-01-17 21:36:33] Concurso 18 | Pontos: 11 | Tamanho: 19
[2026-01-17 21:36:33] Concurso 18 | Pontos: 10 | Tamanho: 17
[2026-01-17 21:36:33] Concurso 18 | Pontos: 10 | Tamanho: 17
[2026-01-17 21:36:34] Concurso 18 | Pontos: 13 | Tamanho: 17
[2026-01-17 21:36:34] Concurso 18 | Pontos: 13 | Tamanho: 20
[2026-01-17 21:36:35] 📤 Git push realizado | Concurso 18
[2026-01-17 21:36:35] Concurso 19 | Pontos: 11 | Tamanho: 20
[2026-01-17 21:36:35] Concurso 19 | Pontos: 11 | Tamanho: 20
[2026-01-17 21:36:35] Concurso 19 | Pontos: 10 | Tamanho: 17
[2026-01-17 21:36:36] Concurso 19 | Pontos: 12 | Tamanho: 20
[2026-01-17 21:36:36] Concurso 19 | Pontos: 8 | Tamanho: 17
[2026-01-17 21:36:36] Concurso 19 | Pontos: 9 | Tamanho: 16
[2026-01-17 21:36:36] Concurso 19 | Pontos: 9 | Tamanho: 16
[2026-01-17 21:36:37] Concurso 19 | Pontos: 9 | Tamanho: 17
[2026-01-17 21:36:37] Concurso 19 | Pontos: 9 | Tamanho: 17
[2026-01-17 21:36:37] Concurso 19 | Pontos: 9 | Tamanho: 17
[2026-01-17 21:36:38] 📤 Git push realizado | Concurso 19
[2026-01-17 21:36:38] Concurso 20 | Pontos: 11 | Tamanho: 19
[2026-01-17 21:36:39] Concurso 20 | Pontos: 11 | Tamanho: 18
[2026-01-17 21:36:39] Concurso 20 | Pontos: 11 | Tamanho: 19
[2026-01-17 21:36:39] Concurso 20 | Pontos: 11 | Tamanho: 18
[2026-01-17 21:36:39] Concurso 20 | Pontos: 10 | Tamanho: 16
[2026-01-17 21:36:40] Concurso 20 | Pontos: 9 | Tamanho: 18
[2026-01-17 21:36:40] Concurso 20 | Pontos: 12 | Tamanho: 20
[2026-01-17 21:36:40] Concurso 20 | Pontos: 12 | Tamanho: 18
[2026-01-17 21:36:41] Concurso 20 | Pontos: 9 | Tamanho: 16
[2026-01-17 21:36:41] Concurso 20 | Pontos: 10 | Tamanho: 18
[2026-01-17 21:36:42] 📤 Git push realizado | Concurso 20
[2026-01-17 21:36:42] Concurso 21 | Pontos: 10 | Tamanho: 17
[2026-01-17 21:36:42] Concurso 21 | Pontos: 11 | Tamanho: 18
[2026-01-17 21:36:42] Concurso 21 | Pontos: 12 | Tamanho: 20
[2026-01-17 21:36:43] Concurso 21 | Pontos: 10 | Tamanho: 17
[2026-01-17 21:36:43] Concurso 21 | Pontos: 10 | Tamanho: 19
[2026-01-17 21:36:43] Concurso 21 | Pontos: 11 | Tamanho: 18
[2026-01-17 21:36:43] Concurso 21 | Pontos: 12 | Tamanho: 20
[2026-01-17 21:36:44] Concurso 21 | Pontos: 11 | Tamanho: 18
[2026-01-17 21:36:44] Concurso 21 | Pontos: 10 | Tamanho: 17
[2026-01-17 21:36:44] Concurso 21 | Pontos: 11 | Tamanho: 19
[2026-01-17 21:36:45] 📤 Git push realizado | Concurso 21
[2026-01-17 21:36:45] Concurso 22 | Pontos: 13 | Tamanho: 19
[2026-01-17 21:36:46] Concurso 22 | Pontos: 11 | Tamanho: 20
[2026-01-17 21:36:46] Concurso 22 | Pontos: 10 | Tamanho: 16
[2026-01-17 21:36:46] Concurso 22 | Pontos: 11 | Tamanho: 18
[2026-01-17 21:36:46] Concurso 22 | Pontos: 10 | Tamanho: 17
[2026-01-17 21:36:47] Concurso 22 | Pontos: 9 | Tamanho: 16
[2026-01-17 21:36:47] Concurso 22 | Pontos: 10 | Tamanho: 16
[2026-01-17 21:36:47] Concurso 22 | Pontos: 13 | Tamanho: 20
[2026-01-17 21:36:47] Concurso 22 | Pontos: 10 | Tamanho: 17
[2026-01-17 21:36:48] Concurso 22 | Pontos: 11 | Tamanho: 16
[2026-01-17 21:36:49] 📤 Git push realizado | Concurso 22
[2026-01-17 21:36:49] Concurso 23 | Pontos: 12 | Tamanho: 16
[2026-01-17 21:36:49] Concurso 23 | Pontos: 12 | Tamanho: 20
[2026-01-17 21:36:49] Concurso 23 | Pontos: 11 | Tamanho: 16
[2026-01-17 21:36:50] 🔥 FOCO 14/15 | Concurso 23 | Pontos: 14
[2026-01-17 21:36:50] Concurso 23 | Pontos: 14 | Tamanho: 20
[2026-01-17 21:36:50] Concurso 23 | Pontos: 12 | Tamanho: 20
[2026-01-17 21:36:50] Concurso 23 | Pontos: 13 | Tamanho: 18
[2026-01-17 21:36:50] Concurso 23 | Pontos: 13 | Tamanho: 20
[2026-01-17 21:36:51] Concurso 23 | Pontos: 11 | Tamanho: 19
[2026-01-17 21:36:51] Concurso 23 | Pontos: 12 | Tamanho: 16
[2026-01-17 21:36:51] Concurso 23 | Pontos: 11 | Tamanho: 18
[2026-01-17 21:36:52] 📤 Git push realizado | Concurso 23
[2026-01-17 21:36:52] Concurso 24 | Pontos: 13 | Tamanho: 20
[2026-01-17 21:36:53] Concurso 24 | Pontos: 11 | Tamanho: 18
[2026-01-17 21:36:53] Concurso 24 | Pontos: 10 | Tamanho: 16
[2026-01-17 21:36:53] Concurso 24 | Pontos: 11 | Tamanho: 18
[2026-01-17 21:36:53] Concurso 24 | Pontos: 13 | Tamanho: 20
[2026-01-17 21:36:54] Concurso 24 | Pontos: 11 | Tamanho: 19
[2026-01-17 21:36:54] Concurso 24 | Pontos: 12 | Tamanho: 19
[2026-01-17 21:36:54] Concurso 24 | Pontos: 9 | Tamanho: 18
[2026-01-17 21:36:55] Concurso 24 | Pontos: 11 | Tamanho: 17
[2026-01-17 21:36:55] Concurso 24 | Pontos: 10 | Tamanho: 16
[2026-01-17 21:36:56] 📤 Git push realizado | Concurso 24
[2026-01-17 21:36:56] Concurso 25 | Pontos: 13 | Tamanho: 20
[2026-01-17 21:36:56] Concurso 25 | Pontos: 12 | Tamanho: 17
[2026-01-17 21:36:56] Concurso 25 | Pontos: 11 | Tamanho: 16
[2026-01-17 21:36:57] Concurso 25 | Pontos: 12 | Tamanho: 17
[2026-01-17 21:36:57] Concurso 25 | Pontos: 11 | Tamanho: 16
[2026-01-17 21:36:57] Concurso 25 | Pontos: 12 | Tamanho: 18
[2026-01-17 21:36:57] Concurso 25 | Pontos: 10 | Tamanho: 16
[2026-01-17 21:36:58] Concurso 25 | Pontos: 12 | Tamanho: 20
[2026-01-17 21:36:58] Concurso 25 | Pontos: 12 | Tamanho: 18
[2026-01-17 21:36:58] Concurso 25 | Pontos: 13 | Tamanho: 20
[2026-01-17 21:36:59] 📤 Git push realizado | Concurso 25
[2026-01-17 21:36:59] Concurso 26 | Pontos: 12 | Tamanho: 17
[2026-01-17 21:37:00] Concurso 26 | Pontos: 13 | Tamanho: 19
[2026-01-17 21:37:00] Concurso 26 | Pontos: 13 | Tamanho: 19
[2026-01-17 21:37:00] Concurso 26 | Pontos: 10 | Tamanho: 20
[2026-01-17 21:37:00] Concurso 26 | Pontos: 10 | Tamanho: 16
[2026-01-17 21:37:01] Concurso 26 | Pontos: 11 | Tamanho: 17
[2026-01-17 21:37:01] Concurso 26 | Pontos: 11 | Tamanho: 18
[2026-01-17 21:37:01] Concurso 26 | Pontos: 12 | Tamanho: 18
[2026-01-17 21:37:02] Concurso 26 | Pontos: 13 | Tamanho: 20
[2026-01-17 21:37:02] Concurso 26 | Pontos: 11 | Tamanho: 18
[2026-01-17 21:37:03] 📤 Git push realizado | Concurso 26
[2026-01-17 21:37:03] 🔥 FOCO 14/15 | Concurso 27 | Pontos: 14
[2026-01-17 21:37:03] Concurso 27 | Pontos: 14 | Tamanho: 19
[2026-01-17 21:37:03] Concurso 27 | Pontos: 11 | Tamanho: 19
[2026-01-17 21:37:03] Concurso 27 | Pontos: 11 | Tamanho: 16
[2026-01-17 21:37:04] Concurso 27 | Pontos: 11 | Tamanho: 18
[2026-01-17 21:37:04] Concurso 27 | Pontos: 11 | Tamanho: 17
[2026-01-17 21:37:04] Concurso 27 | Pontos: 12 | Tamanho: 20
[2026-01-17 21:37:05] Concurso 27 | Pontos: 13 | Tamanho: 19
[2026-01-17 21:37:05] Concurso 27 | Pontos: 10 | Tamanho: 17
[2026-01-17 21:37:05] Concurso 27 | Pontos: 12 | Tamanho: 17
[2026-01-17 21:37:05] Concurso 27 | Pontos: 10 | Tamanho: 16
[2026-01-17 21:37:06] 📤 Git push realizado | Concurso 27
[2026-01-17 21:37:06] Concurso 28 | Pontos: 10 | Tamanho: 17
[2026-01-17 21:37:07] Concurso 28 | Pontos: 11 | Tamanho: 18
[2026-01-17 21:37:07] Concurso 28 | Pontos: 12 | Tamanho: 17
[2026-01-17 21:37:07] Concurso 28 | Pontos: 10 | Tamanho: 18
[2026-01-17 21:37:07] Concurso 28 | Pontos: 12 | Tamanho: 18
[2026-01-17 21:37:08] Concurso 28 | Pontos: 9 | Tamanho: 16
[2026-01-17 21:37:08] Concurso 28 | Pontos: 12 | Tamanho: 18
[2026-01-17 21:37:08] Concurso 28 | Pontos: 12 | Tamanho: 18
[2026-01-17 21:37:09] Concurso 28 | Pontos: 10 | Tamanho: 17
[2026-01-17 21:37:09] Concurso 28 | Pontos: 12 | Tamanho: 18
[2026-01-17 21:37:10] 📤 Git push realizado | Concurso 28
[2026-01-17 21:37:10] Concurso 29 | Pontos: 10 | Tamanho: 16
[2026-01-17 21:37:10] Concurso 29 | Pontos: 12 | Tamanho: 20
[2026-01-17 21:37:10] Concurso 29 | Pontos: 9 | Tamanho: 18
[2026-01-17 21:37:11] Concurso 29 | Pontos: 10 | Tamanho: 19
[2026-01-17 21:37:11] Concurso 29 | Pontos: 10 | Tamanho: 19
[2026-01-17 21:37:11] Concurso 29 | Pontos: 13 | Tamanho: 20
[2026-01-17 21:37:12] Concurso 29 | Pontos: 10 | Tamanho: 19
[2026-01-17 21:37:12] Concurso 29 | Pontos: 9 | Tamanho: 17
[2026-01-17 21:37:12] Concurso 29 | Pontos: 12 | Tamanho: 19
[2026-01-17 21:37:12] Concurso 29 | Pontos: 10 | Tamanho: 17
[2026-01-17 21:37:13] 📤 Git push realizado | Concurso 29
[2026-01-17 21:37:13] Concurso 30 | Pontos: 9 | Tamanho: 18
[2026-01-17 21:37:14] Concurso 30 | Pontos: 11 | Tamanho: 20
[2026-01-17 21:37:14] Concurso 30 | Pontos: 10 | Tamanho: 16
[2026-01-17 21:37:14] Concurso 30 | Pontos: 12 | Tamanho: 19
[2026-01-17 21:37:14] Concurso 30 | Pontos: 12 | Tamanho: 19
[2026-01-17 21:37:15] Concurso 30 | Pontos: 12 | Tamanho: 19
[2026-01-17 21:37:15] Concurso 30 | Pontos: 9 | Tamanho: 16
[2026-01-17 21:37:15] Concurso 30 | Pontos: 11 | Tamanho: 20
[2026-01-17 21:37:16] Concurso 30 | Pontos: 10 | Tamanho: 16
[2026-01-17 21:37:16] Concurso 30 | Pontos: 10 | Tamanho: 16
[2026-01-17 21:37:17] 📤 Git push realizado | Concurso 30
[2026-01-17 21:37:17] Concurso 31 | Pontos: 10 | Tamanho: 17
[2026-01-17 21:37:17] Concurso 31 | Pontos: 10 | Tamanho: 17
[2026-01-17 21:37:17] Concurso 31 | Pontos: 11 | Tamanho: 18
[2026-01-17 21:37:18] Concurso 31 | Pontos: 10 | Tamanho: 16
[2026-01-17 21:37:18] Concurso 31 | Pontos: 10 | Tamanho: 16
[2026-01-17 21:37:18] Concurso 31 | Pontos: 11 | Tamanho: 18
[2026-01-17 21:37:19] Concurso 31 | Pontos: 11 | Tamanho: 18
[2026-01-17 21:37:19] Concurso 31 | Pontos: 13 | Tamanho: 20
[2026-01-17 21:37:19] Concurso 31 | Pontos: 9 | Tamanho: 17
[2026-01-17 21:37:19] Concurso 31 | Pontos: 11 | Tamanho: 17
[2026-01-17 21:37:20] 📤 Git push realizado | Concurso 31
[2026-01-17 21:37:20] Concurso 32 | Pontos: 12 | Tamanho: 19
[2026-01-17 21:37:21] Concurso 32 | Pontos: 11 | Tamanho: 17
[2026-01-17 21:37:21] Concurso 32 | Pontos: 11 | Tamanho: 16
[2026-01-17 21:37:21] Concurso 32 | Pontos: 13 | Tamanho: 20
[2026-01-17 21:37:21] Concurso 32 | Pontos: 11 | Tamanho: 17
[2026-01-17 21:37:22] Concurso 32 | Pontos: 12 | Tamanho: 19
[2026-01-17 21:37:22] 🔥 FOCO 14/15 | Concurso 32 | Pontos: 14
[2026-01-17 21:37:22] Concurso 32 | Pontos: 14 | Tamanho: 19
[2026-01-17 21:37:22] Concurso 32 | Pontos: 10 | Tamanho: 16
[2026-01-17 21:37:23] Concurso 32 | Pontos: 10 | Tamanho: 18
[2026-01-17 21:37:23] Concurso 32 | Pontos: 10 | Tamanho: 16
[2026-01-17 21:37:24] 📤 Git push realizado | Concurso 32
[2026-01-17 21:37:24] Concurso 33 | Pontos: 8 | Tamanho: 16
[2026-01-17 21:37:24] Concurso 33 | Pontos: 9 | Tamanho: 18
[2026-01-17 21:37:24] Concurso 33 | Pontos: 10 | Tamanho: 19
[2026-01-17 21:37:25] Concurso 33 | Pontos: 9 | Tamanho: 18
[2026-01-17 21:37:25] Concurso 33 | Pontos: 10 | Tamanho: 18
[2026-01-17 21:37:25] Concurso 33 | Pontos: 10 | Tamanho: 18
[2026-01-17 21:37:25] Concurso 33 | Pontos: 8 | Tamanho: 17
[2026-01-17 21:37:26] Concurso 33 | Pontos: 9 | Tamanho: 18
[2026-01-17 21:37:26] Concurso 33 | Pontos: 10 | Tamanho: 19
[2026-01-17 21:37:26] Concurso 33 | Pontos: 10 | Tamanho: 19
[2026-01-17 21:37:27] 📤 Git push realizado | Concurso 33
[2026-01-17 21:37:27] Concurso 34 | Pontos: 13 | Tamanho: 18
[2026-01-17 21:37:28] Concurso 34 | Pontos: 11 | Tamanho: 16
[2026-01-17 21:37:28] 🔥 FOCO 14/15 | Concurso 34 | Pontos: 14
[2026-01-17 21:37:28] Concurso 34 | Pontos: 14 | Tamanho: 20
[2026-01-17 21:37:28] Concurso 34 | Pontos: 13 | Tamanho: 19
[2026-01-17 21:37:28] Concurso 34 | Pontos: 11 | Tamanho: 16
[2026-01-17 21:37:29] Concurso 34 | Pontos: 11 | Tamanho: 16
[2026-01-17 21:37:29] Concurso 34 | Pontos: 13 | Tamanho: 18
[2026-01-17 21:37:29] Concurso 34 | Pontos: 12 | Tamanho: 16
[2026-01-17 21:37:29] Concurso 34 | Pontos: 13 | Tamanho: 17
[2026-01-17 21:37:30] Concurso 34 | Pontos: 12 | Tamanho: 17
[2026-01-17 21:37:30] 📤 Git push realizado | Concurso 34
[2026-01-17 21:37:31] Concurso 35 | Pontos: 12 | Tamanho: 19
[2026-01-17 21:37:31] Concurso 35 | Pontos: 13 | Tamanho: 20
[2026-01-17 21:37:31] Concurso 35 | Pontos: 12 | Tamanho: 19
[2026-01-17 21:37:32] Concurso 35 | Pontos: 12 | Tamanho: 18
[2026-01-17 21:37:32] Concurso 35 | Pontos: 10 | Tamanho: 16
[2026-01-17 21:37:32] Concurso 35 | Pontos: 11 | Tamanho: 17
[2026-01-17 21:37:32] 🔥 FOCO 14/15 | Concurso 35 | Pontos: 14
[2026-01-17 21:37:32] Concurso 35 | Pontos: 14 | Tamanho: 19
[2026-01-17 21:37:33] 🔥 FOCO 14/15 | Concurso 35 | Pontos: 14
[2026-01-17 21:37:33] Concurso 35 | Pontos: 14 | Tamanho: 19
[2026-01-17 21:37:33] Concurso 35 | Pontos: 12 | Tamanho: 18
[2026-01-17 21:37:33] Concurso 35 | Pontos: 11 | Tamanho: 18
[2026-01-17 21:37:34] 📤 Git push realizado | Concurso 35
[2026-01-17 21:37:34] Concurso 36 | Pontos: 11 | Tamanho: 17
[2026-01-17 21:37:35] Concurso 36 | Pontos: 11 | Tamanho: 18
[2026-01-17 21:37:35] Concurso 36 | Pontos: 12 | Tamanho: 18
[2026-01-17 21:37:35] Concurso 36 | Pontos: 12 | Tamanho: 19
[2026-01-17 21:37:35] Concurso 36 | Pontos: 13 | Tamanho: 19
[2026-01-17 21:37:36] Concurso 36 | Pontos: 10 | Tamanho: 16
[2026-01-17 21:37:36] Concurso 36 | Pontos: 12 | Tamanho: 19
[2026-01-17 21:37:36] Concurso 36 | Pontos: 12 | Tamanho: 19
[2026-01-17 21:37:37] Concurso 36 | Pontos: 11 | Tamanho: 16
[2026-01-17 21:37:37] Concurso 36 | Pontos: 11 | Tamanho: 16
[2026-01-17 21:37:38] 📤 Git push realizado | Concurso 36
[2026-01-17 21:37:38] Concurso 37 | Pontos: 10 | Tamanho: 17
[2026-01-17 21:37:38] Concurso 37 | Pontos: 9 | Tamanho: 16
[2026-01-17 21:37:38] Concurso 37 | Pontos: 9 | Tamanho: 17
[2026-01-17 21:37:39] Concurso 37 | Pontos: 10 | Tamanho: 19
[2026-01-17 21:37:39] Concurso 37 | Pontos: 8 | Tamanho: 16
[2026-01-17 21:37:39] Concurso 37 | Pontos: 9 | Tamanho: 17
[2026-01-17 21:37:39] Concurso 37 | Pontos: 11 | Tamanho: 19
[2026-01-17 21:37:40] Concurso 37 | Pontos: 10 | Tamanho: 19
[2026-01-17 21:37:40] Concurso 37 | Pontos: 12 | Tamanho: 20
[2026-01-17 21:37:40] Concurso 37 | Pontos: 10 | Tamanho: 18
[2026-01-17 21:37:41] 📤 Git push realizado | Concurso 37
[2026-01-17 21:37:41] Concurso 38 | Pontos: 11 | Tamanho: 19
[2026-01-17 21:37:42] Concurso 38 | Pontos: 11 | Tamanho: 20
[2026-01-17 21:37:42] Concurso 38 | Pontos: 9 | Tamanho: 16
[2026-01-17 21:37:42] Concurso 38 | Pontos: 10 | Tamanho: 18
[2026-01-17 21:37:42] Concurso 38 | Pontos: 11 | Tamanho: 20
[2026-01-17 21:37:43] Concurso 38 | Pontos: 11 | Tamanho: 18
[2026-01-17 21:37:43] Concurso 38 | Pontos: 11 | Tamanho: 18
[2026-01-17 21:37:43] Concurso 38 | Pontos: 11 | Tamanho: 20
[2026-01-17 21:37:43] Concurso 38 | Pontos: 10 | Tamanho: 18
[2026-01-17 21:37:44] Concurso 38 | Pontos: 11 | Tamanho: 18
[2026-01-17 21:37:45] 📤 Git push realizado | Concurso 38
[2026-01-17 21:37:45] Concurso 39 | Pontos: 12 | Tamanho: 18
[2026-01-17 21:37:45] Concurso 39 | Pontos: 12 | Tamanho: 20
[2026-01-17 21:37:45] Concurso 39 | Pontos: 10 | Tamanho: 16
[2026-01-17 21:37:46] Concurso 39 | Pontos: 13 | Tamanho: 19
[2026-01-17 21:37:46] Concurso 39 | Pontos: 11 | Tamanho: 16
[2026-01-17 21:37:46] Concurso 39 | Pontos: 11 | Tamanho: 17
[2026-01-17 21:37:46] Concurso 39 | Pontos: 12 | Tamanho: 19
[2026-01-17 21:37:47] Concurso 39 | Pontos: 10 | Tamanho: 16
[2026-01-17 21:37:47] Concurso 39 | Pontos: 12 | Tamanho: 19
[2026-01-17 21:37:47] Concurso 39 | Pontos: 12 | Tamanho: 16
[2026-01-17 21:37:48] 📤 Git push realizado | Concurso 39
[2026-01-17 21:37:48] Concurso 40 | Pontos: 9 | Tamanho: 16
[2026-01-17 21:37:49] Concurso 40 | Pontos: 9 | Tamanho: 16
[2026-01-17 21:37:49] Concurso 40 | Pontos: 9 | Tamanho: 18
[2026-01-17 21:37:49] Concurso 40 | Pontos: 10 | Tamanho: 19
[2026-01-17 21:37:49] Concurso 40 | Pontos: 8 | Tamanho: 16
[2026-01-17 21:37:50] Concurso 40 | Pontos: 10 | Tamanho: 19
[2026-01-17 21:37:50] Concurso 40 | Pontos: 8 | Tamanho: 16
[2026-01-17 21:37:50] Concurso 40 | Pontos: 10 | Tamanho: 18
[2026-01-17 21:37:51] Concurso 40 | Pontos: 10 | Tamanho: 18
[2026-01-17 21:37:51] Concurso 40 | Pontos: 10 | Tamanho: 19
[2026-01-17 21:37:51] 📤 Git push realizado | Concurso 40
[2026-01-17 21:37:52] Concurso 41 | Pontos: 12 | Tamanho: 17
[2026-01-17 21:37:52] Concurso 41 | Pontos: 11 | Tamanho: 18
[2026-01-17 21:37:52] Concurso 41 | Pontos: 13 | Tamanho: 20
[2026-01-17 21:37:53] Concurso 41 | Pontos: 10 | Tamanho: 17
[2026-01-17 21:37:53] Concurso 41 | Pontos: 11 | Tamanho: 18
[2026-01-17 21:37:53] Concurso 41 | Pontos: 12 | Tamanho: 18
[2026-01-17 21:37:53] Concurso 41 | Pontos: 11 | Tamanho: 16
[2026-01-17 21:37:54] Concurso 41 | Pontos: 10 | Tamanho: 17
[2026-01-17 21:37:54] Concurso 41 | Pontos: 12 | Tamanho: 18
[2026-01-17 21:37:54] Concurso 41 | Pontos: 13 | Tamanho: 18
[2026-01-17 21:37:55] 📤 Git push realizado | Concurso 41
[2026-01-17 21:37:55] Concurso 42 | Pontos: 12 | Tamanho: 19
[2026-01-17 21:37:55] Concurso 42 | Pontos: 11 | Tamanho: 19
[2026-01-17 21:37:56] Concurso 42 | Pontos: 12 | Tamanho: 19
[2026-01-17 21:37:56] Concurso 42 | Pontos: 9 | Tamanho: 16
[2026-01-17 21:37:56] Concurso 42 | Pontos: 12 | Tamanho: 20
[2026-01-17 21:37:57] Concurso 42 | Pontos: 10 | Tamanho: 18
[2026-01-17 21:37:57] Concurso 42 | Pontos: 9 | Tamanho: 16
[2026-01-17 21:37:57] Concurso 42 | Pontos: 9 | Tamanho: 16
[2026-01-17 21:37:57] Concurso 42 | Pontos: 12 | Tamanho: 19
[2026-01-17 21:37:58] Concurso 42 | Pontos: 13 | Tamanho: 19
[2026-01-17 21:37:58] 📤 Git push realizado | Concurso 42
[2026-01-17 21:37:59] Concurso 43 | Pontos: 13 | Tamanho: 20
[2026-01-17 21:37:59] Concurso 43 | Pontos: 12 | Tamanho: 17
[2026-01-17 21:37:59] Concurso 43 | Pontos: 12 | Tamanho: 17
[2026-01-17 21:38:00] Concurso 43 | Pontos: 11 | Tamanho: 17
[2026-01-17 21:38:00] Concurso 43 | Pontos: 12 | Tamanho: 19
[2026-01-17 21:38:00] 🔥 FOCO 14/15 | Concurso 43 | Pontos: 14
[2026-01-17 21:38:00] Concurso 43 | Pontos: 14 | Tamanho: 20
[2026-01-17 21:38:00] Concurso 43 | Pontos: 12 | Tamanho: 17
[2026-01-17 21:38:01] Concurso 43 | Pontos: 12 | Tamanho: 17
[2026-01-17 21:38:01] Concurso 43 | Pontos: 11 | Tamanho: 16
[2026-01-17 21:38:01] 🔥 FOCO 14/15 | Concurso 43 | Pontos: 14
[2026-01-17 21:38:01] Concurso 43 | Pontos: 14 | Tamanho: 19
[2026-01-17 21:38:02] 📤 Git push realizado | Concurso 43
[2026-01-17 21:38:02] Concurso 44 | Pontos: 11 | Tamanho: 19
[2026-01-17 21:38:03] Concurso 44 | Pontos: 13 | Tamanho: 19
[2026-01-17 21:38:03] Concurso 44 | Pontos: 10 | Tamanho: 18
[2026-01-17 21:38:03] Concurso 44 | Pontos: 11 | Tamanho: 17
[2026-01-17 21:38:03] Concurso 44 | Pontos: 12 | Tamanho: 20
[2026-01-17 21:38:04] Concurso 44 | Pontos: 9 | Tamanho: 17
[2026-01-17 21:38:04] Concurso 44 | Pontos: 12 | Tamanho: 20
[2026-01-17 21:38:04] Concurso 44 | Pontos: 10 | Tamanho: 18
[2026-01-17 21:38:04] Concurso 44 | Pontos: 10 | Tamanho: 16
[2026-01-17 21:38:05] Concurso 44 | Pontos: 10 | Tamanho: 19
[2026-01-17 21:38:06] 📤 Git push realizado | Concurso 44
[2026-01-17 21:38:06] Concurso 45 | Pontos: 11 | Tamanho: 17
[2026-01-17 21:38:06] Concurso 45 | Pontos: 12 | Tamanho: 18
[2026-01-17 21:38:06] 🔥 FOCO 14/15 | Concurso 45 | Pontos: 15
[2026-01-17 21:38:06] Concurso 45 | Pontos: 15 | Tamanho: 20
[2026-01-17 21:38:07] Concurso 45 | Pontos: 13 | Tamanho: 20
[2026-01-17 21:38:07] Concurso 45 | Pontos: 13 | Tamanho: 20
[2026-01-17 21:38:07] Concurso 45 | Pontos: 12 | Tamanho: 17
[2026-01-17 21:38:07] Concurso 45 | Pontos: 10 | Tamanho: 18
[2026-01-17 21:38:08] Concurso 45 | Pontos: 11 | Tamanho: 17
[2026-01-17 21:38:08] Concurso 45 | Pontos: 12 | Tamanho: 19
[2026-01-17 21:38:08] Concurso 45 | Pontos: 11 | Tamanho: 19
[2026-01-17 21:38:09] 📤 Git push realizado | Concurso 45
[2026-01-17 21:38:09] 🔥 FOCO 14/15 | Concurso 46 | Pontos: 14
[2026-01-17 21:38:09] Concurso 46 | Pontos: 14 | Tamanho: 20
[2026-01-17 21:38:10] Concurso 46 | Pontos: 10 | Tamanho: 18
[2026-01-17 21:38:10] Concurso 46 | Pontos: 11 | Tamanho: 20
[2026-01-17 21:38:10] Concurso 46 | Pontos: 8 | Tamanho: 17
[2026-01-17 21:38:10] Concurso 46 | Pontos: 9 | Tamanho: 16
[2026-01-17 21:38:11] Concurso 46 | Pontos: 9 | Tamanho: 18
[2026-01-17 21:38:11] Concurso 46 | Pontos: 9 | Tamanho: 17
[2026-01-17 21:38:11] Concurso 46 | Pontos: 10 | Tamanho: 18
[2026-01-17 21:38:12] Concurso 46 | Pontos: 11 | Tamanho: 19
[2026-01-17 21:38:12] Concurso 46 | Pontos: 11 | Tamanho: 20
[2026-01-17 21:38:13] 📤 Git push realizado | Concurso 46
[2026-01-17 21:38:13] Concurso 47 | Pontos: 12 | Tamanho: 19
[2026-01-17 21:38:13] Concurso 47 | Pontos: 9 | Tamanho: 16
[2026-01-17 21:38:13] Concurso 47 | Pontos: 11 | Tamanho: 20
[2026-01-17 21:38:14] Concurso 47 | Pontos: 10 | Tamanho: 16
[2026-01-17 21:38:14] Concurso 47 | Pontos: 12 | Tamanho: 20
[2026-01-17 21:38:14] Concurso 47 | Pontos: 11 | Tamanho: 18
[2026-01-17 21:38:15] Concurso 47 | Pontos: 10 | Tamanho: 17
[2026-01-17 21:38:15] Concurso 47 | Pontos: 11 | Tamanho: 18
[2026-01-17 21:38:15] Concurso 47 | Pontos: 11 | Tamanho: 19
[2026-01-17 21:38:15] Concurso 47 | Pontos: 9 | Tamanho: 16
[2026-01-17 21:38:16] 📤 Git push realizado | Concurso 47
[2026-01-17 21:38:17] Concurso 48 | Pontos: 11 | Tamanho: 19
[2026-01-17 21:38:17] Concurso 48 | Pontos: 10 | Tamanho: 17
[2026-01-17 21:38:17] Concurso 48 | Pontos: 9 | Tamanho: 16
[2026-01-17 21:38:17] Concurso 48 | Pontos: 11 | Tamanho: 20
[2026-01-17 21:38:18] Concurso 48 | Pontos: 11 | Tamanho: 20
[2026-01-17 21:38:18] Concurso 48 | Pontos: 12 | Tamanho: 20
[2026-01-17 21:38:18] Concurso 48 | Pontos: 10 | Tamanho: 19
[2026-01-17 21:38:18] Concurso 48 | Pontos: 10 | Tamanho: 17
[2026-01-17 21:38:19] Concurso 48 | Pontos: 11 | Tamanho: 20
[2026-01-17 21:38:19] Concurso 48 | Pontos: 9 | Tamanho: 16
